<?xml version="1.0" encoding="UTF-8"?>
<testsuite xmlns:xsi="http://www.w3.org/2001/XMLSchema-instance" xsi:noNamespaceSchemaLocation="https://maven.apache.org/surefire/maven-surefire-plugin/xsd/surefire-test-report.xsd" name="net.apmoller.athena.microservices.ComparatorDashboard.services.ComparatorDashboardServiceTest" time="0.269" tests="2" errors="2" skipped="0" failures="0">
  <properties>
[...]
</properties>
  <testcase name="createContractRateTest" classname="net.apmoller.athena.microservices.ComparatorDashboard.services.ComparatorDashboardServiceTest" time="0">
    <error message="Failed to load ApplicationContext" type="java.lang.IllegalStateException">java.lang.IllegalStateException: Failed to load ApplicationContext
Caused by: org.springframework.boot.context.properties.bind.BindException: Failed to bind properties under 'logging.level.net.apmoller.athena.microservices.contractrates' to org.springframework.boot.logging.LogLevel
Caused by: org.springframework.core.convert.ConversionFailedException: Failed to convert from type [java.lang.String] to type [org.springframework.boot.logging.LogLevel] for value '${logLevel}'; nested exception is java.lang.IllegalArgumentException: No enum constant org.springframework.boot.logging.LogLevel.${logLevel}
Caused by: java.lang.IllegalArgumentException: No enum constant org.springframework.boot.logging.LogLevel.${logLevel}
</error>
    <system-out><![CDATA[{"instant":{"epochSecond":1631711813,"nanoOfSecond":48019000},"thread":"main","level":"INFO","loggerName":"org.springframework.boot.test.context.SpringBootTestContextBootstrapper","message":"Neither @ContextConfiguration nor @ContextHierarchy found for test class [net.apmoller.athena.microservices.ComparatorDashboard.services.ComparatorDashboardServiceTest], using SpringBootContextLoader","endOfBatch":false,"loggerFqcn":"org.apache.commons.logging.LogAdapter$Log4jLog","contextMap":{},"threadId":1,"threadPriority":5}
{"instant":{"epochSecond":1631711813,"nanoOfSecond":50142200},"thread":"main","level":"INFO","loggerName":"org.springframework.test.context.support.AbstractContextLoader","message":"Could not detect default resource locations for test class [net.apmoller.athena.microservices.ComparatorDashboard.services.ComparatorDashboardServiceTest]: no resource found for suffixes {-context.xml, Context.groovy}.","endOfBatch":false,"loggerFqcn":"org.apache.commons.logging.LogAdapter$Log4jLog","contextMap":{},"threadId":1,"threadPriority":5}
{"instant":{"epochSecond":1631711813,"nanoOfSecond":51209600},"thread":"main","level":"INFO","loggerName":"org.springframework.test.context.support.AnnotationConfigContextLoaderUtils","message":"Could not detect default configuration classes for test class [net.apmoller.athena.microservices.ComparatorDashboard.services.ComparatorDashboardServiceTest]: ComparatorDashboardServiceTest does not declare any static, non-private, non-final, nested classes annotated with @Configuration.","endOfBatch":false,"loggerFqcn":"org.apache.commons.logging.LogAdapter$Log4jLog","contextMap":{},"threadId":1,"threadPriority":5}
{"instant":{"epochSecond":1631711813,"nanoOfSecond":70974600},"thread":"main","level":"INFO","loggerName":"org.springframework.boot.test.context.SpringBootTestContextBootstrapper","message":"Found @SpringBootConfiguration net.apmoller.athena.microservices.ComparatorDashboard.ComparatorDashboardApplication for test class net.apmoller.athena.microservices.ComparatorDashboard.services.ComparatorDashboardServiceTest","endOfBatch":false,"loggerFqcn":"org.apache.commons.logging.LogAdapter$Log4jLog","contextMap":{},"threadId":1,"threadPriority":5}
{"instant":{"epochSecond":1631711813,"nanoOfSecond":78373200},"thread":"main","level":"INFO","loggerName":"org.springframework.boot.test.context.SpringBootTestContextBootstrapper","message":"Loaded default TestExecutionListener class names from location [META-INF/spring.factories]: [org.springframework.boot.test.mock.mockito.MockitoTestExecutionListener, org.springframework.boot.test.mock.mockito.ResetMocksTestExecutionListener, org.springframework.boot.test.autoconfigure.restdocs.RestDocsTestExecutionListener, org.springframework.boot.test.autoconfigure.web.client.MockRestServiceServerResetTestExecutionListener, org.springframework.boot.test.autoconfigure.web.servlet.MockMvcPrintOnlyOnFailureTestExecutionListener, org.springframework.boot.test.autoconfigure.web.servlet.WebDriverTestExecutionListener, org.springframework.boot.test.autoconfigure.webservices.client.MockWebServiceServerTestExecutionListener, org.springframework.test.context.web.ServletTestExecutionListener, org.springframework.test.context.support.DirtiesContextBeforeModesTestExecutionListener, org.springframework.test.context.event.ApplicationEventsTestExecutionListener, org.springframework.test.context.support.DependencyInjectionTestExecutionListener, org.springframework.test.context.support.DirtiesContextTestExecutionListener, org.springframework.test.context.transaction.TransactionalTestExecutionListener, org.springframework.test.context.jdbc.SqlScriptsTestExecutionListener, org.springframework.test.context.event.EventPublishingTestExecutionListener]","endOfBatch":false,"loggerFqcn":"org.apache.commons.logging.LogAdapter$Log4jLog","contextMap":{},"threadId":1,"threadPriority":5}
{"instant":{"epochSecond":1631711813,"nanoOfSecond":80481600},"thread":"main","level":"INFO","loggerName":"org.springframework.boot.test.context.SpringBootTestContextBootstrapper","message":"Using TestExecutionListeners: [org.springframework.test.context.web.ServletTestExecutionListener@124e5ce1, org.springframework.test.context.support.DirtiesContextBeforeModesTestExecutionListener@4184d960, org.springframework.test.context.event.ApplicationEventsTestExecutionListener@187a5b38, org.springframework.boot.test.mock.mockito.MockitoTestExecutionListener@225bc6d6, org.springframework.boot.test.autoconfigure.SpringBootDependencyInjectionTestExecutionListener@42122f28, org.springframework.test.context.support.DirtiesContextTestExecutionListener@253ab1d3, org.springframework.test.context.event.EventPublishingTestExecutionListener@6f538dd7, org.springframework.boot.test.mock.mockito.ResetMocksTestExecutionListener@13428b9d, org.springframework.boot.test.autoconfigure.restdocs.RestDocsTestExecutionListener@40fa9db2, org.springframework.boot.test.autoconfigure.web.client.MockRestServiceServerResetTestExecutionListener@30be0857, org.springframework.boot.test.autoconfigure.web.servlet.MockMvcPrintOnlyOnFailureTestExecutionListener@43f016a2, org.springframework.boot.test.autoconfigure.web.servlet.WebDriverTestExecutionListener@44697322, org.springframework.boot.test.autoconfigure.webservices.client.MockWebServiceServerTestExecutionListener@50ea6110]","endOfBatch":false,"loggerFqcn":"org.apache.commons.logging.LogAdapter$Log4jLog","contextMap":{},"threadId":1,"threadPriority":5}
{"instant":{"epochSecond":1631711813,"nanoOfSecond":219961500},"thread":"main","level":"ERROR","loggerName":"org.springframework.boot.diagnostics.LoggingFailureAnalysisReporter","message":"\r\n\r\n***************************\r\nAPPLICATION FAILED TO START\r\n***************************\r\n\r\nDescription:\r\n\r\nFailed to bind properties under 'logging.level.net.apmoller.athena.microservices.contractrates' to org.springframework.boot.logging.LogLevel:\r\n\r\n    Property: logging.level.net.apmoller.athena.microservices.contractrates\r\n    Value: ${logLevel}\r\n    Origin: class path resource [application.yml] - 32:28\r\n    Reason: failed to convert java.lang.String to org.springframework.boot.logging.LogLevel\r\n\r\nAction:\r\n\r\nUpdate your application's configuration. The following values are valid:\r\n\r\n    DEBUG\r\n    ERROR\r\n    FATAL\r\n    INFO\r\n    OFF\r\n    TRACE\r\n    WARN\r\n","endOfBatch":false,"loggerFqcn":"org.apache.commons.logging.LogAdapter$Log4jLog","contextMap":{},"threadId":1,"threadPriority":5}
{"instant":{"epochSecond":1631711813,"nanoOfSecond":232517700},"thread":"main","level":"ERROR","loggerName":"org.springframework.test.context.TestContextManager","message":"Caught exception while allowing TestExecutionListener [org.springframework.test.context.web.ServletTestExecutionListener@124e5ce1] to prepare test instance [net.apmoller.athena.microservices.ComparatorDashboard.services.ComparatorDashboardServiceTest@106960fe]","thrown":{"commonElementCount":0,"localizedMessage":"Failed to load ApplicationContext","message":"Failed to load ApplicationContext","name":"java.lang.IllegalStateException","cause":{"commonElementCount":67,"localizedMessage":"Failed to bind properties under 'logging.level.net.apmoller.athena.microservices.contractrates' to org.springframework.boot.logging.LogLevel","message":"Failed to bind properties under 'logging.level.net.apmoller.athena.microservices.contractrates' to org.springframework.boot.logging.LogLevel","name":"org.springframework.boot.context.properties.bind.BindException","cause":{"commonElementCount":67,"localizedMessage":"Failed to convert from type [java.lang.String] to type [org.springframework.boot.logging.LogLevel] for value '${logLevel}'; nested exception is java.lang.IllegalArgumentException: No enum constant org.springframework.boot.logging.LogLevel.${logLevel}","message":"Failed to convert from type [java.lang.String] to type [org.springframework.boot.logging.LogLevel] for value '${logLevel}'; nested exception is java.lang.IllegalArgumentException: No enum constant org.springframework.boot.logging.LogLevel.${logLevel}","name":"org.springframework.core.convert.ConversionFailedException","cause":{"commonElementCount":67,"localizedMessage":"No enum constant org.springframework.boot.logging.LogLevel.${logLevel}","message":"No enum constant org.springframework.boot.logging.LogLevel.${logLevel}","name":"java.lang.IllegalArgumentException","extendedStackTrace":[{"class":"org.springframework.boot.convert.LenientObjectToEnumConverterFactory$LenientToEnumConverter","method":"findEnum","file":"LenientObjectToEnumConverterFactory.java","line":93,"exact":false,"location":"spring-boot-2.4.3.jar","version":"2.4.3"},{"class":"org.springframework.boot.convert.LenientObjectToEnumConverterFactory$LenientToEnumConverter","method":"convert","file":"LenientObjectToEnumConverterFactory.java","line":80,"exact":false,"location":"spring-boot-2.4.3.jar","version":"2.4.3"},{"class":"org.springframework.boot.convert.LenientObjectToEnumConverterFactory$LenientToEnumConverter","method":"convert","file":"LenientObjectToEnumConverterFactory.java","line":61,"exact":false,"location":"spring-boot-2.4.3.jar","version":"2.4.3"},{"class":"org.springframework.core.convert.support.GenericConversionService$ConverterFactoryAdapter","method":"convert","file":"GenericConversionService.java","line":437,"exact":false,"location":"spring-core-5.3.4.jar","version":"5.3.4"},{"class":"org.springframework.core.convert.support.ConversionUtils","method":"invokeConverter","file":"ConversionUtils.java","line":41,"exact":false,"location":"spring-core-5.3.4.jar","version":"5.3.4"},{"class":"org.springframework.core.convert.support.GenericConversionService","method":"convert","file":"GenericConversionService.java","line":192,"exact":false,"location":"spring-core-5.3.4.jar","version":"5.3.4"},{"class":"org.springframework.boot.context.properties.bind.BindConverter$CompositeConversionService","method":"convert","file":"BindConverter.java","line":170,"exact":false,"location":"spring-boot-2.4.3.jar","version":"2.4.3"},{"class":"org.springframework.boot.context.properties.bind.BindConverter","method":"convert","file":"BindConverter.java","line":96,"exact":false,"location":"spring-boot-2.4.3.jar","version":"2.4.3"},{"class":"org.springframework.boot.context.properties.bind.BindConverter","method":"convert","file":"BindConverter.java","line":88,"exact":false,"location":"spring-boot-2.4.3.jar","version":"2.4.3"},{"class":"org.springframework.boot.context.properties.bind.Binder","method":"bindProperty","file":"Binder.java","line":434,"exact":false,"location":"spring-boot-2.4.3.jar","version":"2.4.3"},{"class":"org.springframework.boot.context.properties.bind.Binder","method":"bindObject","file":"Binder.java","line":379,"exact":false,"location":"spring-boot-2.4.3.jar","version":"2.4.3"},{"class":"org.springframework.boot.context.properties.bind.Binder","method":"bind","file":"Binder.java","line":319,"exact":false,"location":"spring-boot-2.4.3.jar","version":"2.4.3"},{"class":"org.springframework.boot.context.properties.bind.Binder","method":"lambda$null$1","file":"Binder.java","line":411,"exact":false,"location":"spring-boot-2.4.3.jar","version":"2.4.3"},{"class":"org.springframework.boot.context.properties.bind.Binder$Context","method":"withSource","file":"Binder.java","line":542,"exact":false,"location":"spring-boot-2.4.3.jar","version":"2.4.3"},{"class":"org.springframework.boot.context.properties.bind.Binder$Context","method":"access$800","file":"Binder.java","line":512,"exact":false,"location":"spring-boot-2.4.3.jar","version":"2.4.3"},{"class":"org.springframework.boot.context.properties.bind.Binder","method":"lambda$bindAggregate$2","file":"Binder.java","line":412,"exact":false,"location":"spring-boot-2.4.3.jar","version":"2.4.3"},{"class":"org.springframework.boot.context.properties.bind.AggregateElementBinder","method":"bind","file":"AggregateElementBinder.java","line":39,"exact":false,"location":"spring-boot-2.4.3.jar","version":"2.4.3"},{"class":"org.springframework.boot.context.properties.bind.MapBinder$EntryBinder","method":"lambda$bindEntries$0","file":"MapBinder.java","line":157,"exact":false,"location":"spring-boot-2.4.3.jar","version":"2.4.3"},{"class":"java.util.HashMap","method":"computeIfAbsent","file":"HashMap.java","line":1133,"exact":false,"location":"?","version":"?"},{"class":"org.springframework.boot.context.properties.bind.MapBinder$EntryBinder","method":"bindEntries","file":"MapBinder.java","line":157,"exact":false,"location":"spring-boot-2.4.3.jar","version":"2.4.3"},{"class":"org.springframework.boot.context.properties.bind.MapBinder","method":"bindAggregate","file":"MapBinder.java","line":68,"exact":false,"location":"spring-boot-2.4.3.jar","version":"2.4.3"},{"class":"org.springframework.boot.context.properties.bind.AggregateBinder","method":"bind","file":"AggregateBinder.java","line":56,"exact":false,"location":"spring-boot-2.4.3.jar","version":"2.4.3"},{"class":"org.springframework.boot.context.properties.bind.Binder","method":"lambda$bindAggregate$3","file":"Binder.java","line":414,"exact":false,"location":"spring-boot-2.4.3.jar","version":"2.4.3"},{"class":"org.springframework.boot.context.properties.bind.Binder$Context","method":"withIncreasedDepth","file":"Binder.java","line":571,"exact":false,"location":"spring-boot-2.4.3.jar","version":"2.4.3"},{"class":"org.springframework.boot.context.properties.bind.Binder$Context","method":"access$100","file":"Binder.java","line":512,"exact":false,"location":"spring-boot-2.4.3.jar","version":"2.4.3"},{"class":"org.springframework.boot.context.properties.bind.Binder","method":"bindAggregate","file":"Binder.java","line":414,"exact":false,"location":"spring-boot-2.4.3.jar","version":"2.4.3"},{"class":"org.springframework.boot.context.properties.bind.Binder","method":"bindObject","file":"Binder.java","line":375,"exact":false,"location":"spring-boot-2.4.3.jar","version":"2.4.3"},{"class":"org.springframework.boot.context.properties.bind.Binder","method":"bind","file":"Binder.java","line":319,"exact":false,"location":"spring-boot-2.4.3.jar","version":"2.4.3"},{"class":"org.springframework.boot.context.properties.bind.Binder","method":"bind","file":"Binder.java","line":308,"exact":false,"location":"spring-boot-2.4.3.jar","version":"2.4.3"},{"class":"org.springframework.boot.context.properties.bind.Binder","method":"bind","file":"Binder.java","line":238,"exact":false,"location":"spring-boot-2.4.3.jar","version":"2.4.3"},{"class":"org.springframework.boot.context.properties.bind.Binder","method":"bind","file":"Binder.java","line":212,"exact":false,"location":"spring-boot-2.4.3.jar","version":"2.4.3"},{"class":"org.springframework.boot.context.logging.LoggingApplicationListener","method":"setLogLevels","file":"LoggingApplicationListener.java","line":373,"exact":false,"location":"spring-boot-2.4.3.jar","version":"2.4.3"},{"class":"org.springframework.boot.context.logging.LoggingApplicationListener","method":"initializeFinalLoggingLevels","file":"LoggingApplicationListener.java","line":340,"exact":false,"location":"spring-boot-2.4.3.jar","version":"2.4.3"},{"class":"org.springframework.boot.context.logging.LoggingApplicationListener","method":"initialize","file":"LoggingApplicationListener.java","line":282,"exact":false,"location":"spring-boot-2.4.3.jar","version":"2.4.3"},{"class":"org.springframework.boot.context.logging.LoggingApplicationListener","method":"onApplicationEnvironmentPreparedEvent","file":"LoggingApplicationListener.java","line":239,"exact":false,"location":"spring-boot-2.4.3.jar","version":"2.4.3"},{"class":"org.springframework.boot.context.logging.LoggingApplicationListener","method":"onApplicationEvent","file":"LoggingApplicationListener.java","line":216,"exact":false,"location":"spring-boot-2.4.3.jar","version":"2.4.3"},{"class":"org.springframework.context.event.SimpleApplicationEventMulticaster","method":"doInvokeListener","file":"SimpleApplicationEventMulticaster.java","line":176,"exact":false,"location":"spring-context-5.3.4.jar","version":"5.3.4"},{"class":"org.springframework.context.event.SimpleApplicationEventMulticaster","method":"invokeListener","file":"SimpleApplicationEventMulticaster.java","line":169,"exact":false,"location":"spring-context-5.3.4.jar","version":"5.3.4"},{"class":"org.springframework.context.event.SimpleApplicationEventMulticaster","method":"multicastEvent","file":"SimpleApplicationEventMulticaster.java","line":143,"exact":false,"location":"spring-context-5.3.4.jar","version":"5.3.4"},{"class":"org.springframework.context.event.SimpleApplicationEventMulticaster","method":"multicastEvent","file":"SimpleApplicationEventMulticaster.java","line":131,"exact":false,"location":"spring-context-5.3.4.jar","version":"5.3.4"},{"class":"org.springframework.boot.context.event.EventPublishingRunListener","method":"environmentPrepared","file":"EventPublishingRunListener.java","line":82,"exact":false,"location":"spring-boot-2.4.3.jar","version":"2.4.3"},{"class":"org.springframework.boot.SpringApplicationRunListeners","method":"lambda$environmentPrepared$2","file":"SpringApplicationRunListeners.java","line":63,"exact":false,"location":"spring-boot-2.4.3.jar","version":"2.4.3"},{"class":"java.util.ArrayList","method":"forEach","file":"ArrayList.java","line":1541,"exact":false,"location":"?","version":"?"},{"class":"org.springframework.boot.SpringApplicationRunListeners","method":"doWithListeners","file":"SpringApplicationRunListeners.java","line":117,"exact":false,"location":"spring-boot-2.4.3.jar","version":"2.4.3"},{"class":"org.springframework.boot.SpringApplicationRunListeners","method":"doWithListeners","file":"SpringApplicationRunListeners.java","line":111,"exact":false,"location":"spring-boot-2.4.3.jar","version":"2.4.3"},{"class":"org.springframework.boot.SpringApplicationRunListeners","method":"environmentPrepared","file":"SpringApplicationRunListeners.java","line":62,"exact":false,"location":"spring-boot-2.4.3.jar","version":"2.4.3"},{"class":"org.springframework.boot.SpringApplication","method":"prepareEnvironment","file":"SpringApplication.java","line":362,"exact":false,"location":"spring-boot-2.4.3.jar","version":"2.4.3"},{"class":"org.springframework.boot.SpringApplication","method":"run","file":"SpringApplication.java","line":320,"exact":false,"location":"spring-boot-2.4.3.jar","version":"2.4.3"},{"class":"org.springframework.boot.test.context.SpringBootContextLoader","method":"loadContext","file":"SpringBootContextLoader.java","line":123,"exact":false,"location":"spring-boot-test-2.4.3.jar","version":"2.4.3"},{"class":"org.springframework.test.context.cache.DefaultCacheAwareContextLoaderDelegate","method":"loadContextInternal","file":"DefaultCacheAwareContextLoaderDelegate.java","line":99,"exact":false,"location":"spring-test-5.3.4.jar","version":"5.3.4"},{"class":"org.springframework.test.context.cache.DefaultCacheAwareContextLoaderDelegate","method":"loadContext","file":"DefaultCacheAwareContextLoaderDelegate.java","line":124,"exact":false,"location":"spring-test-5.3.4.jar","version":"5.3.4"}]},"extendedStackTrace":[{"class":"org.springframework.core.convert.support.ConversionUtils","method":"invokeConverter","file":"ConversionUtils.java","line":47,"exact":false,"location":"spring-core-5.3.4.jar","version":"5.3.4"},{"class":"org.springframework.core.convert.support.GenericConversionService","method":"convert","file":"GenericConversionService.java","line":192,"exact":false,"location":"spring-core-5.3.4.jar","version":"5.3.4"},{"class":"org.springframework.boot.context.properties.bind.BindConverter$CompositeConversionService","method":"convert","file":"BindConverter.java","line":170,"exact":false,"location":"spring-boot-2.4.3.jar","version":"2.4.3"},{"class":"org.springframework.boot.context.properties.bind.BindConverter","method":"convert","file":"BindConverter.java","line":96,"exact":false,"location":"spring-boot-2.4.3.jar","version":"2.4.3"},{"class":"org.springframework.boot.context.properties.bind.BindConverter","method":"convert","file":"BindConverter.java","line":88,"exact":false,"location":"spring-boot-2.4.3.jar","version":"2.4.3"},{"class":"org.springframework.boot.context.properties.bind.Binder","method":"bindProperty","file":"Binder.java","line":434,"exact":false,"location":"spring-boot-2.4.3.jar","version":"2.4.3"},{"class":"org.springframework.boot.context.properties.bind.Binder","method":"bindObject","file":"Binder.java","line":379,"exact":false,"location":"spring-boot-2.4.3.jar","version":"2.4.3"},{"class":"org.springframework.boot.context.properties.bind.Binder","method":"bind","file":"Binder.java","line":319,"exact":false,"location":"spring-boot-2.4.3.jar","version":"2.4.3"},{"class":"org.springframework.boot.context.properties.bind.Binder","method":"lambda$null$1","file":"Binder.java","line":411,"exact":false,"location":"spring-boot-2.4.3.jar","version":"2.4.3"},{"class":"org.springframework.boot.context.properties.bind.Binder$Context","method":"withSource","file":"Binder.java","line":542,"exact":false,"location":"spring-boot-2.4.3.jar","version":"2.4.3"},{"class":"org.springframework.boot.context.properties.bind.Binder$Context","method":"access$800","file":"Binder.java","line":512,"exact":false,"location":"spring-boot-2.4.3.jar","version":"2.4.3"},{"class":"org.springframework.boot.context.properties.bind.Binder","method":"lambda$bindAggregate$2","file":"Binder.java","line":412,"exact":false,"location":"spring-boot-2.4.3.jar","version":"2.4.3"},{"class":"org.springframework.boot.context.properties.bind.AggregateElementBinder","method":"bind","file":"AggregateElementBinder.java","line":39,"exact":false,"location":"spring-boot-2.4.3.jar","version":"2.4.3"},{"class":"org.springframework.boot.context.properties.bind.MapBinder$EntryBinder","method":"lambda$bindEntries$0","file":"MapBinder.java","line":157,"exact":false,"location":"spring-boot-2.4.3.jar","version":"2.4.3"},{"class":"java.util.HashMap","method":"computeIfAbsent","file":"HashMap.java","line":1133,"exact":false,"location":"?","version":"?"},{"class":"org.springframework.boot.context.properties.bind.MapBinder$EntryBinder","method":"bindEntries","file":"MapBinder.java","line":157,"exact":false,"location":"spring-boot-2.4.3.jar","version":"2.4.3"},{"class":"org.springframework.boot.context.properties.bind.MapBinder","method":"bindAggregate","file":"MapBinder.java","line":68,"exact":false,"location":"spring-boot-2.4.3.jar","version":"2.4.3"},{"class":"org.springframework.boot.context.properties.bind.AggregateBinder","method":"bind","file":"AggregateBinder.java","line":56,"exact":false,"location":"spring-boot-2.4.3.jar","version":"2.4.3"},{"class":"org.springframework.boot.context.properties.bind.Binder","method":"lambda$bindAggregate$3","file":"Binder.java","line":414,"exact":false,"location":"spring-boot-2.4.3.jar","version":"2.4.3"},{"class":"org.springframework.boot.context.properties.bind.Binder$Context","method":"withIncreasedDepth","file":"Binder.java","line":571,"exact":false,"location":"spring-boot-2.4.3.jar","version":"2.4.3"},{"class":"org.springframework.boot.context.properties.bind.Binder$Context","method":"access$100","file":"Binder.java","line":512,"exact":false,"location":"spring-boot-2.4.3.jar","version":"2.4.3"},{"class":"org.springframework.boot.context.properties.bind.Binder","method":"bindAggregate","file":"Binder.java","line":414,"exact":false,"location":"spring-boot-2.4.3.jar","version":"2.4.3"},{"class":"org.springframework.boot.context.properties.bind.Binder","method":"bindObject","file":"Binder.java","line":375,"exact":false,"location":"spring-boot-2.4.3.jar","version":"2.4.3"},{"class":"org.springframework.boot.context.properties.bind.Binder","method":"bind","file":"Binder.java","line":319,"exact":false,"location":"spring-boot-2.4.3.jar","version":"2.4.3"},{"class":"org.springframework.boot.context.properties.bind.Binder","method":"bind","file":"Binder.java","line":308,"exact":false,"location":"spring-boot-2.4.3.jar","version":"2.4.3"},{"class":"org.springframework.boot.context.properties.bind.Binder","method":"bind","file":"Binder.java","line":238,"exact":false,"location":"spring-boot-2.4.3.jar","version":"2.4.3"},{"class":"org.springframework.boot.context.properties.bind.Binder","method":"bind","file":"Binder.java","line":212,"exact":false,"location":"spring-boot-2.4.3.jar","version":"2.4.3"},{"class":"org.springframework.boot.context.logging.LoggingApplicationListener","method":"setLogLevels","file":"LoggingApplicationListener.java","line":373,"exact":false,"location":"spring-boot-2.4.3.jar","version":"2.4.3"},{"class":"org.springframework.boot.context.logging.LoggingApplicationListener","method":"initializeFinalLoggingLevels","file":"LoggingApplicationListener.java","line":340,"exact":false,"location":"spring-boot-2.4.3.jar","version":"2.4.3"},{"class":"org.springframework.boot.context.logging.LoggingApplicationListener","method":"initialize","file":"LoggingApplicationListener.java","line":282,"exact":false,"location":"spring-boot-2.4.3.jar","version":"2.4.3"},{"class":"org.springframework.boot.context.logging.LoggingApplicationListener","method":"onApplicationEnvironmentPreparedEvent","file":"LoggingApplicationListener.java","line":239,"exact":false,"location":"spring-boot-2.4.3.jar","version":"2.4.3"},{"class":"org.springframework.boot.context.logging.LoggingApplicationListener","method":"onApplicationEvent","file":"LoggingApplicationListener.java","line":216,"exact":false,"location":"spring-boot-2.4.3.jar","version":"2.4.3"},{"class":"org.springframework.context.event.SimpleApplicationEventMulticaster","method":"doInvokeListener","file":"SimpleApplicationEventMulticaster.java","line":176,"exact":false,"location":"spring-context-5.3.4.jar","version":"5.3.4"},{"class":"org.springframework.context.event.SimpleApplicationEventMulticaster","method":"invokeListener","file":"SimpleApplicationEventMulticaster.java","line":169,"exact":false,"location":"spring-context-5.3.4.jar","version":"5.3.4"},{"class":"org.springframework.context.event.SimpleApplicationEventMulticaster","method":"multicastEvent","file":"SimpleApplicationEventMulticaster.java","line":143,"exact":false,"location":"spring-context-5.3.4.jar","version":"5.3.4"},{"class":"org.springframework.context.event.SimpleApplicationEventMulticaster","method":"multicastEvent","file":"SimpleApplicationEventMulticaster.java","line":131,"exact":false,"location":"spring-context-5.3.4.jar","version":"5.3.4"},{"class":"org.springframework.boot.context.event.EventPublishingRunListener","method":"environmentPrepared","file":"EventPublishingRunListener.java","line":82,"exact":false,"location":"spring-boot-2.4.3.jar","version":"2.4.3"},{"class":"org.springframework.boot.SpringApplicationRunListeners","method":"lambda$environmentPrepared$2","file":"SpringApplicationRunListeners.java","line":63,"exact":false,"location":"spring-boot-2.4.3.jar","version":"2.4.3"},{"class":"java.util.ArrayList","method":"forEach","file":"ArrayList.java","line":1541,"exact":false,"location":"?","version":"?"},{"class":"org.springframework.boot.SpringApplicationRunListeners","method":"doWithListeners","file":"SpringApplicationRunListeners.java","line":117,"exact":false,"location":"spring-boot-2.4.3.jar","version":"2.4.3"},{"class":"org.springframework.boot.SpringApplicationRunListeners","method":"doWithListeners","file":"SpringApplicationRunListeners.java","line":111,"exact":false,"location":"spring-boot-2.4.3.jar","version":"2.4.3"},{"class":"org.springframework.boot.SpringApplicationRunListeners","method":"environmentPrepared","file":"SpringApplicationRunListeners.java","line":62,"exact":false,"location":"spring-boot-2.4.3.jar","version":"2.4.3"},{"class":"org.springframework.boot.SpringApplication","method":"prepareEnvironment","file":"SpringApplication.java","line":362,"exact":false,"location":"spring-boot-2.4.3.jar","version":"2.4.3"},{"class":"org.springframework.boot.SpringApplication","method":"run","file":"SpringApplication.java","line":320,"exact":false,"location":"spring-boot-2.4.3.jar","version":"2.4.3"},{"class":"org.springframework.boot.test.context.SpringBootContextLoader","method":"loadContext","file":"SpringBootContextLoader.java","line":123,"exact":false,"location":"spring-boot-test-2.4.3.jar","version":"2.4.3"},{"class":"org.springframework.test.context.cache.DefaultCacheAwareContextLoaderDelegate","method":"loadContextInternal","file":"DefaultCacheAwareContextLoaderDelegate.java","line":99,"exact":false,"location":"spring-test-5.3.4.jar","version":"5.3.4"},{"class":"org.springframework.test.context.cache.DefaultCacheAwareContextLoaderDelegate","method":"loadContext","file":"DefaultCacheAwareContextLoaderDelegate.java","line":124,"exact":false,"location":"spring-test-5.3.4.jar","version":"5.3.4"}]},"extendedStackTrace":[{"class":"org.springframework.boot.context.properties.bind.Binder","method":"handleBindError","file":"Binder.java","line":363,"exact":false,"location":"spring-boot-2.4.3.jar","version":"2.4.3"},{"class":"org.springframework.boot.context.properties.bind.Binder","method":"bind","file":"Binder.java","line":323,"exact":false,"location":"spring-boot-2.4.3.jar","version":"2.4.3"},{"class":"org.springframework.boot.context.properties.bind.Binder","method":"lambda$null$1","file":"Binder.java","line":411,"exact":false,"location":"spring-boot-2.4.3.jar","version":"2.4.3"},{"class":"org.springframework.boot.context.properties.bind.Binder$Context","method":"withSource","file":"Binder.java","line":542,"exact":false,"location":"spring-boot-2.4.3.jar","version":"2.4.3"},{"class":"org.springframework.boot.context.properties.bind.Binder$Context","method":"access$800","file":"Binder.java","line":512,"exact":false,"location":"spring-boot-2.4.3.jar","version":"2.4.3"},{"class":"org.springframework.boot.context.properties.bind.Binder","method":"lambda$bindAggregate$2","file":"Binder.java","line":412,"exact":false,"location":"spring-boot-2.4.3.jar","version":"2.4.3"},{"class":"org.springframework.boot.context.properties.bind.AggregateElementBinder","method":"bind","file":"AggregateElementBinder.java","line":39,"exact":false,"location":"spring-boot-2.4.3.jar","version":"2.4.3"},{"class":"org.springframework.boot.context.properties.bind.MapBinder$EntryBinder","method":"lambda$bindEntries$0","file":"MapBinder.java","line":157,"exact":false,"location":"spring-boot-2.4.3.jar","version":"2.4.3"},{"class":"java.util.HashMap","method":"computeIfAbsent","file":"HashMap.java","line":1133,"exact":false,"location":"?","version":"?"},{"class":"org.springframework.boot.context.properties.bind.MapBinder$EntryBinder","method":"bindEntries","file":"MapBinder.java","line":157,"exact":false,"location":"spring-boot-2.4.3.jar","version":"2.4.3"},{"class":"org.springframework.boot.context.properties.bind.MapBinder","method":"bindAggregate","file":"MapBinder.java","line":68,"exact":false,"location":"spring-boot-2.4.3.jar","version":"2.4.3"},{"class":"org.springframework.boot.context.properties.bind.AggregateBinder","method":"bind","file":"AggregateBinder.java","line":56,"exact":false,"location":"spring-boot-2.4.3.jar","version":"2.4.3"},{"class":"org.springframework.boot.context.properties.bind.Binder","method":"lambda$bindAggregate$3","file":"Binder.java","line":414,"exact":false,"location":"spring-boot-2.4.3.jar","version":"2.4.3"},{"class":"org.springframework.boot.context.properties.bind.Binder$Context","method":"withIncreasedDepth","file":"Binder.java","line":571,"exact":false,"location":"spring-boot-2.4.3.jar","version":"2.4.3"},{"class":"org.springframework.boot.context.properties.bind.Binder$Context","method":"access$100","file":"Binder.java","line":512,"exact":false,"location":"spring-boot-2.4.3.jar","version":"2.4.3"},{"class":"org.springframework.boot.context.properties.bind.Binder","method":"bindAggregate","file":"Binder.java","line":414,"exact":false,"location":"spring-boot-2.4.3.jar","version":"2.4.3"},{"class":"org.springframework.boot.context.properties.bind.Binder","method":"bindObject","file":"Binder.java","line":375,"exact":false,"location":"spring-boot-2.4.3.jar","version":"2.4.3"},{"class":"org.springframework.boot.context.properties.bind.Binder","method":"bind","file":"Binder.java","line":319,"exact":false,"location":"spring-boot-2.4.3.jar","version":"2.4.3"},{"class":"org.springframework.boot.context.properties.bind.Binder","method":"bind","file":"Binder.java","line":308,"exact":false,"location":"spring-boot-2.4.3.jar","version":"2.4.3"},{"class":"org.springframework.boot.context.properties.bind.Binder","method":"bind","file":"Binder.java","line":238,"exact":false,"location":"spring-boot-2.4.3.jar","version":"2.4.3"},{"class":"org.springframework.boot.context.properties.bind.Binder","method":"bind","file":"Binder.java","line":212,"exact":false,"location":"spring-boot-2.4.3.jar","version":"2.4.3"},{"class":"org.springframework.boot.context.logging.LoggingApplicationListener","method":"setLogLevels","file":"LoggingApplicationListener.java","line":373,"exact":false,"location":"spring-boot-2.4.3.jar","version":"2.4.3"},{"class":"org.springframework.boot.context.logging.LoggingApplicationListener","method":"initializeFinalLoggingLevels","file":"LoggingApplicationListener.java","line":340,"exact":false,"location":"spring-boot-2.4.3.jar","version":"2.4.3"},{"class":"org.springframework.boot.context.logging.LoggingApplicationListener","method":"initialize","file":"LoggingApplicationListener.java","line":282,"exact":false,"location":"spring-boot-2.4.3.jar","version":"2.4.3"},{"class":"org.springframework.boot.context.logging.LoggingApplicationListener","method":"onApplicationEnvironmentPreparedEvent","file":"LoggingApplicationListener.java","line":239,"exact":false,"location":"spring-boot-2.4.3.jar","version":"2.4.3"},{"class":"org.springframework.boot.context.logging.LoggingApplicationListener","method":"onApplicationEvent","file":"LoggingApplicationListener.java","line":216,"exact":false,"location":"spring-boot-2.4.3.jar","version":"2.4.3"},{"class":"org.springframework.context.event.SimpleApplicationEventMulticaster","method":"doInvokeListener","file":"SimpleApplicationEventMulticaster.java","line":176,"exact":false,"location":"spring-context-5.3.4.jar","version":"5.3.4"},{"class":"org.springframework.context.event.SimpleApplicationEventMulticaster","method":"invokeListener","file":"SimpleApplicationEventMulticaster.java","line":169,"exact":false,"location":"spring-context-5.3.4.jar","version":"5.3.4"},{"class":"org.springframework.context.event.SimpleApplicationEventMulticaster","method":"multicastEvent","file":"SimpleApplicationEventMulticaster.java","line":143,"exact":false,"location":"spring-context-5.3.4.jar","version":"5.3.4"},{"class":"org.springframework.context.event.SimpleApplicationEventMulticaster","method":"multicastEvent","file":"SimpleApplicationEventMulticaster.java","line":131,"exact":false,"location":"spring-context-5.3.4.jar","version":"5.3.4"},{"class":"org.springframework.boot.context.event.EventPublishingRunListener","method":"environmentPrepared","file":"EventPublishingRunListener.java","line":82,"exact":false,"location":"spring-boot-2.4.3.jar","version":"2.4.3"},{"class":"org.springframework.boot.SpringApplicationRunListeners","method":"lambda$environmentPrepared$2","file":"SpringApplicationRunListeners.java","line":63,"exact":false,"location":"spring-boot-2.4.3.jar","version":"2.4.3"},{"class":"java.util.ArrayList","method":"forEach","file":"ArrayList.java","line":1541,"exact":false,"location":"?","version":"?"},{"class":"org.springframework.boot.SpringApplicationRunListeners","method":"doWithListeners","file":"SpringApplicationRunListeners.java","line":117,"exact":false,"location":"spring-boot-2.4.3.jar","version":"2.4.3"},{"class":"org.springframework.boot.SpringApplicationRunListeners","method":"doWithListeners","file":"SpringApplicationRunListeners.java","line":111,"exact":false,"location":"spring-boot-2.4.3.jar","version":"2.4.3"},{"class":"org.springframework.boot.SpringApplicationRunListeners","method":"environmentPrepared","file":"SpringApplicationRunListeners.java","line":62,"exact":false,"location":"spring-boot-2.4.3.jar","version":"2.4.3"},{"class":"org.springframework.boot.SpringApplication","method":"prepareEnvironment","file":"SpringApplication.java","line":362,"exact":false,"location":"spring-boot-2.4.3.jar","version":"2.4.3"},{"class":"org.springframework.boot.SpringApplication","method":"run","file":"SpringApplication.java","line":320,"exact":false,"location":"spring-boot-2.4.3.jar","version":"2.4.3"},{"class":"org.springframework.boot.test.context.SpringBootContextLoader","method":"loadContext","file":"SpringBootContextLoader.java","line":123,"exact":false,"location":"spring-boot-test-2.4.3.jar","version":"2.4.3"},{"class":"org.springframework.test.context.cache.DefaultCacheAwareContextLoaderDelegate","method":"loadContextInternal","file":"DefaultCacheAwareContextLoaderDelegate.java","line":99,"exact":false,"location":"spring-test-5.3.4.jar","version":"5.3.4"},{"class":"org.springframework.test.context.cache.DefaultCacheAwareContextLoaderDelegate","method":"loadContext","file":"DefaultCacheAwareContextLoaderDelegate.java","line":124,"exact":false,"location":"spring-test-5.3.4.jar","version":"5.3.4"}]},"extendedStackTrace":[{"class":"org.springframework.test.context.cache.DefaultCacheAwareContextLoaderDelegate","method":"loadContext","file":"DefaultCacheAwareContextLoaderDelegate.java","line":132,"exact":false,"location":"spring-test-5.3.4.jar","version":"5.3.4"},{"class":"org.springframework.test.context.support.DefaultTestContext","method":"getApplicationContext","file":"DefaultTestContext.java","line":124,"exact":false,"location":"spring-test-5.3.4.jar","version":"5.3.4"},{"class":"org.springframework.test.context.web.ServletTestExecutionListener","method":"setUpRequestContextIfNecessary","file":"ServletTestExecutionListener.java","line":190,"exact":false,"location":"spring-test-5.3.4.jar","version":"5.3.4"},{"class":"org.springframework.test.context.web.ServletTestExecutionListener","method":"prepareTestInstance","file":"ServletTestExecutionListener.java","line":132,"exact":false,"location":"spring-test-5.3.4.jar","version":"5.3.4"},{"class":"org.springframework.test.context.TestContextManager","method":"prepareTestInstance","file":"TestContextManager.java","line":244,"exact":false,"location":"spring-test-5.3.4.jar","version":"5.3.4"},{"class":"org.springframework.test.context.junit.jupiter.SpringExtension","method":"postProcessTestInstance","file":"SpringExtension.java","line":138,"exact":false,"location":"spring-test-5.3.4.jar","version":"5.3.4"},{"class":"org.junit.jupiter.engine.descriptor.ClassBasedTestDescriptor","method":"lambda$invokeTestInstancePostProcessors$6","file":"ClassBasedTestDescriptor.java","line":350,"exact":false,"location":"junit-jupiter-engine-5.7.1.jar","version":"5.7.1"},{"class":"org.junit.jupiter.engine.descriptor.ClassBasedTestDescriptor","method":"executeAndMaskThrowable","file":"ClassBasedTestDescriptor.java","line":355,"exact":false,"location":"junit-jupiter-engine-5.7.1.jar","version":"5.7.1"},{"class":"org.junit.jupiter.engine.descriptor.ClassBasedTestDescriptor","method":"lambda$invokeTestInstancePostProcessors$7","file":"ClassBasedTestDescriptor.java","line":350,"exact":false,"location":"junit-jupiter-engine-5.7.1.jar","version":"5.7.1"},{"class":"java.util.stream.ReferencePipeline$3$1","method":"accept","file":"ReferencePipeline.java","line":195,"exact":false,"location":"?","version":"?"},{"class":"java.util.stream.ReferencePipeline$2$1","method":"accept","file":"ReferencePipeline.java","line":177,"exact":false,"location":"?","version":"?"},{"class":"java.util.ArrayList$ArrayListSpliterator","method":"forEachRemaining","file":"ArrayList.java","line":1655,"exact":false,"location":"?","version":"?"},{"class":"java.util.stream.AbstractPipeline","method":"copyInto","file":"AbstractPipeline.java","line":484,"exact":false,"location":"?","version":"?"},{"class":"java.util.stream.AbstractPipeline","method":"wrapAndCopyInto","file":"AbstractPipeline.java","line":474,"exact":false,"location":"?","version":"?"},{"class":"java.util.stream.StreamSpliterators$WrappingSpliterator","method":"forEachRemaining","file":"StreamSpliterators.java","line":312,"exact":false,"location":"?","version":"?"},{"class":"java.util.stream.Streams$ConcatSpliterator","method":"forEachRemaining","file":"Streams.java","line":735,"exact":false,"location":"?","version":"?"},{"class":"java.util.stream.Streams$ConcatSpliterator","method":"forEachRemaining","file":"Streams.java","line":734,"exact":false,"location":"?","version":"?"},{"class":"java.util.stream.ReferencePipeline$Head","method":"forEach","file":"ReferencePipeline.java","line":658,"exact":false,"location":"?","version":"?"},{"class":"org.junit.jupiter.engine.descriptor.ClassBasedTestDescriptor","method":"invokeTestInstancePostProcessors","file":"ClassBasedTestDescriptor.java","line":349,"exact":false,"location":"junit-jupiter-engine-5.7.1.jar","version":"5.7.1"},{"class":"org.junit.jupiter.engine.descriptor.ClassBasedTestDescriptor","method":"lambda$instantiateAndPostProcessTestInstance$4","file":"ClassBasedTestDescriptor.java","line":270,"exact":false,"location":"junit-jupiter-engine-5.7.1.jar","version":"5.7.1"},{"class":"org.junit.platform.engine.support.hierarchical.ThrowableCollector","method":"execute","file":"ThrowableCollector.java","line":73,"exact":false,"location":"junit-platform-engine-1.7.1.jar","version":"1.7.1"},{"class":"org.junit.jupiter.engine.descriptor.ClassBasedTestDescriptor","method":"instantiateAndPostProcessTestInstance","file":"ClassBasedTestDescriptor.java","line":269,"exact":false,"location":"junit-jupiter-engine-5.7.1.jar","version":"5.7.1"},{"class":"org.junit.jupiter.engine.descriptor.ClassBasedTestDescriptor","method":"lambda$testInstancesProvider$2","file":"ClassBasedTestDescriptor.java","line":259,"exact":false,"location":"junit-jupiter-engine-5.7.1.jar","version":"5.7.1"},{"class":"java.util.Optional","method":"orElseGet","file":"Optional.java","line":369,"exact":false,"location":"?","version":"?"},{"class":"org.junit.jupiter.engine.descriptor.ClassBasedTestDescriptor","method":"lambda$testInstancesProvider$3","file":"ClassBasedTestDescriptor.java","line":258,"exact":false,"location":"junit-jupiter-engine-5.7.1.jar","version":"5.7.1"},{"class":"org.junit.jupiter.engine.execution.TestInstancesProvider","method":"getTestInstances","file":"TestInstancesProvider.java","line":31,"exact":false,"location":"junit-jupiter-engine-5.7.1.jar","version":"5.7.1"},{"class":"org.junit.jupiter.engine.descriptor.TestMethodTestDescriptor","method":"lambda$prepare$0","file":"TestMethodTestDescriptor.java","line":101,"exact":false,"location":"junit-jupiter-engine-5.7.1.jar","version":"5.7.1"},{"class":"org.junit.platform.engine.support.hierarchical.ThrowableCollector","method":"execute","file":"ThrowableCollector.java","line":73,"exact":false,"location":"junit-platform-engine-1.7.1.jar","version":"1.7.1"},{"class":"org.junit.jupiter.engine.descriptor.TestMethodTestDescriptor","method":"prepare","file":"TestMethodTestDescriptor.java","line":100,"exact":false,"location":"junit-jupiter-engine-5.7.1.jar","version":"5.7.1"},{"class":"org.junit.jupiter.engine.descriptor.TestMethodTestDescriptor","method":"prepare","file":"TestMethodTestDescriptor.java","line":65,"exact":false,"location":"junit-jupiter-engine-5.7.1.jar","version":"5.7.1"},{"class":"org.junit.platform.engine.support.hierarchical.NodeTestTask","method":"lambda$prepare$1","file":"NodeTestTask.java","line":111,"exact":false,"location":"junit-platform-engine-1.7.1.jar","version":"1.7.1"},{"class":"org.junit.platform.engine.support.hierarchical.ThrowableCollector","method":"execute","file":"ThrowableCollector.java","line":73,"exact":false,"location":"junit-platform-engine-1.7.1.jar","version":"1.7.1"},{"class":"org.junit.platform.engine.support.hierarchical.NodeTestTask","method":"prepare","file":"NodeTestTask.java","line":111,"exact":false,"location":"junit-platform-engine-1.7.1.jar","version":"1.7.1"},{"class":"org.junit.platform.engine.support.hierarchical.NodeTestTask","method":"execute","file":"NodeTestTask.java","line":79,"exact":false,"location":"junit-platform-engine-1.7.1.jar","version":"1.7.1"},{"class":"java.util.ArrayList","method":"forEach","file":"ArrayList.java","line":1541,"exact":false,"location":"?","version":"?"},{"class":"org.junit.platform.engine.support.hierarchical.SameThreadHierarchicalTestExecutorService","method":"invokeAll","file":"SameThreadHierarchicalTestExecutorService.java","line":38,"exact":false,"location":"junit-platform-engine-1.7.1.jar","version":"1.7.1"},{"class":"org.junit.platform.engine.support.hierarchical.NodeTestTask","method":"lambda$executeRecursively$5","file":"NodeTestTask.java","line":143,"exact":false,"location":"junit-platform-engine-1.7.1.jar","version":"1.7.1"},{"class":"org.junit.platform.engine.support.hierarchical.ThrowableCollector","method":"execute","file":"ThrowableCollector.java","line":73,"exact":false,"location":"junit-platform-engine-1.7.1.jar","version":"1.7.1"},{"class":"org.junit.platform.engine.support.hierarchical.NodeTestTask","method":"lambda$executeRecursively$7","file":"NodeTestTask.java","line":129,"exact":false,"location":"junit-platform-engine-1.7.1.jar","version":"1.7.1"},{"class":"org.junit.platform.engine.support.hierarchical.Node","method":"around","file":"Node.java","line":137,"exact":false,"location":"junit-platform-engine-1.7.1.jar","version":"1.7.1"},{"class":"org.junit.platform.engine.support.hierarchical.NodeTestTask","method":"lambda$executeRecursively$8","file":"NodeTestTask.java","line":127,"exact":false,"location":"junit-platform-engine-1.7.1.jar","version":"1.7.1"},{"class":"org.junit.platform.engine.support.hierarchical.ThrowableCollector","method":"execute","file":"ThrowableCollector.java","line":73,"exact":false,"location":"junit-platform-engine-1.7.1.jar","version":"1.7.1"},{"class":"org.junit.platform.engine.support.hierarchical.NodeTestTask","method":"executeRecursively","file":"NodeTestTask.java","line":126,"exact":false,"location":"junit-platform-engine-1.7.1.jar","version":"1.7.1"},{"class":"org.junit.platform.engine.support.hierarchical.NodeTestTask","method":"execute","file":"NodeTestTask.java","line":84,"exact":false,"location":"junit-platform-engine-1.7.1.jar","version":"1.7.1"},{"class":"java.util.ArrayList","method":"forEach","file":"ArrayList.java","line":1541,"exact":false,"location":"?","version":"?"},{"class":"org.junit.platform.engine.support.hierarchical.SameThreadHierarchicalTestExecutorService","method":"invokeAll","file":"SameThreadHierarchicalTestExecutorService.java","line":38,"exact":false,"location":"junit-platform-engine-1.7.1.jar","version":"1.7.1"},{"class":"org.junit.platform.engine.support.hierarchical.NodeTestTask","method":"lambda$executeRecursively$5","file":"NodeTestTask.java","line":143,"exact":false,"location":"junit-platform-engine-1.7.1.jar","version":"1.7.1"},{"class":"org.junit.platform.engine.support.hierarchical.ThrowableCollector","method":"execute","file":"ThrowableCollector.java","line":73,"exact":false,"location":"junit-platform-engine-1.7.1.jar","version":"1.7.1"},{"class":"org.junit.platform.engine.support.hierarchical.NodeTestTask","method":"lambda$executeRecursively$7","file":"NodeTestTask.java","line":129,"exact":false,"location":"junit-platform-engine-1.7.1.jar","version":"1.7.1"},{"class":"org.junit.platform.engine.support.hierarchical.Node","method":"around","file":"Node.java","line":137,"exact":false,"location":"junit-platform-engine-1.7.1.jar","version":"1.7.1"},{"class":"org.junit.platform.engine.support.hierarchical.NodeTestTask","method":"lambda$executeRecursively$8","file":"NodeTestTask.java","line":127,"exact":false,"location":"junit-platform-engine-1.7.1.jar","version":"1.7.1"},{"class":"org.junit.platform.engine.support.hierarchical.ThrowableCollector","method":"execute","file":"ThrowableCollector.java","line":73,"exact":false,"location":"junit-platform-engine-1.7.1.jar","version":"1.7.1"},{"class":"org.junit.platform.engine.support.hierarchical.NodeTestTask","method":"executeRecursively","file":"NodeTestTask.java","line":126,"exact":false,"location":"junit-platform-engine-1.7.1.jar","version":"1.7.1"},{"class":"org.junit.platform.engine.support.hierarchical.NodeTestTask","method":"execute","file":"NodeTestTask.java","line":84,"exact":false,"location":"junit-platform-engine-1.7.1.jar","version":"1.7.1"},{"class":"org.junit.platform.engine.support.hierarchical.SameThreadHierarchicalTestExecutorService","method":"submit","file":"SameThreadHierarchicalTestExecutorService.java","line":32,"exact":false,"location":"junit-platform-engine-1.7.1.jar","version":"1.7.1"},{"class":"org.junit.platform.engine.support.hierarchical.HierarchicalTestExecutor","method":"execute","file":"HierarchicalTestExecutor.java","line":57,"exact":false,"location":"junit-platform-engine-1.7.1.jar","version":"1.7.1"},{"class":"org.junit.platform.engine.support.hierarchical.HierarchicalTestEngine","method":"execute","file":"HierarchicalTestEngine.java","line":51,"exact":false,"location":"junit-platform-engine-1.7.1.jar","version":"1.7.1"},{"class":"org.junit.platform.launcher.core.DefaultLauncher","method":"execute","file":"DefaultLauncher.java","line":220,"exact":false,"location":"junit-platform-launcher-1.3.1.jar","version":"1.3.1"},{"class":"org.junit.platform.launcher.core.DefaultLauncher","method":"lambda$execute$6","file":"DefaultLauncher.java","line":188,"exact":false,"location":"junit-platform-launcher-1.3.1.jar","version":"1.3.1"},{"class":"org.junit.platform.launcher.core.DefaultLauncher","method":"withInterceptedStreams","file":"DefaultLauncher.java","line":202,"exact":true,"location":"junit-platform-launcher-1.3.1.jar","version":"1.3.1"},{"class":"org.junit.platform.launcher.core.DefaultLauncher","method":"execute","file":"DefaultLauncher.java","line":181,"exact":true,"location":"junit-platform-launcher-1.3.1.jar","version":"1.3.1"},{"class":"org.junit.platform.launcher.core.DefaultLauncher","method":"execute","file":"DefaultLauncher.java","line":128,"exact":true,"location":"junit-platform-launcher-1.3.1.jar","version":"1.3.1"},{"class":"org.apache.maven.surefire.junitplatform.JUnitPlatformProvider","method":"invokeAllTests","file":"JUnitPlatformProvider.java","line":150,"exact":true,"location":"surefire-junit-platform-2.22.2.jar","version":"2.22.2"},{"class":"org.apache.maven.surefire.junitplatform.JUnitPlatformProvider","method":"invoke","file":"JUnitPlatformProvider.java","line":124,"exact":true,"location":"surefire-junit-platform-2.22.2.jar","version":"2.22.2"},{"class":"org.apache.maven.surefire.booter.ForkedBooter","method":"invokeProviderInSameClassLoader","file":"ForkedBooter.java","line":384,"exact":true,"location":"surefire-booter-2.22.2.jar","version":"2.22.2"},{"class":"org.apache.maven.surefire.booter.ForkedBooter","method":"runSuitesInProcess","file":"ForkedBooter.java","line":345,"exact":true,"location":"surefire-booter-2.22.2.jar","version":"2.22.2"},{"class":"org.apache.maven.surefire.booter.ForkedBooter","method":"execute","file":"ForkedBooter.java","line":126,"exact":true,"location":"surefire-booter-2.22.2.jar","version":"2.22.2"},{"class":"org.apache.maven.surefire.booter.ForkedBooter","method":"main","file":"ForkedBooter.java","line":418,"exact":true,"location":"surefire-booter-2.22.2.jar","version":"2.22.2"}]},"endOfBatch":false,"loggerFqcn":"org.apache.commons.logging.LogAdapter$Log4jLog","contextMap":{},"threadId":1,"threadPriority":5}
]]></system-out>
  </testcase>
  <testcase name="getContractRateTest" classname="net.apmoller.athena.microservices.ComparatorDashboard.services.ComparatorDashboardServiceTest" time="0">
    <error message="Failed to load ApplicationContext" type="java.lang.IllegalStateException">java.lang.IllegalStateException: Failed to load ApplicationContext
Caused by: org.springframework.boot.context.properties.bind.BindException: Failed to bind properties under 'logging.level.net.apmoller.athena.microservices.contractrates' to org.springframework.boot.logging.LogLevel
Caused by: org.springframework.core.convert.ConversionFailedException: Failed to convert from type [java.lang.String] to type [org.springframework.boot.logging.LogLevel] for value '${logLevel}'; nested exception is java.lang.IllegalArgumentException: No enum constant org.springframework.boot.logging.LogLevel.${logLevel}
Caused by: java.lang.IllegalArgumentException: No enum constant org.springframework.boot.logging.LogLevel.${logLevel}
</error>
    <system-out><![CDATA[{"instant":{"epochSecond":1631711813,"nanoOfSecond":412259100},"thread":"main","level":"ERROR","loggerName":"org.springframework.boot.diagnostics.LoggingFailureAnalysisReporter","message":"\r\n\r\n***************************\r\nAPPLICATION FAILED TO START\r\n***************************\r\n\r\nDescription:\r\n\r\nFailed to bind properties under 'logging.level.net.apmoller.athena.microservices.contractrates' to org.springframework.boot.logging.LogLevel:\r\n\r\n    Property: logging.level.net.apmoller.athena.microservices.contractrates\r\n    Value: ${logLevel}\r\n    Origin: class path resource [application.yml] - 32:28\r\n    Reason: failed to convert java.lang.String to org.springframework.boot.logging.LogLevel\r\n\r\nAction:\r\n\r\nUpdate your application's configuration. The following values are valid:\r\n\r\n    DEBUG\r\n    ERROR\r\n    FATAL\r\n    INFO\r\n    OFF\r\n    TRACE\r\n    WARN\r\n","endOfBatch":false,"loggerFqcn":"org.apache.commons.logging.LogAdapter$Log4jLog","contextMap":{},"threadId":1,"threadPriority":5}
{"instant":{"epochSecond":1631711813,"nanoOfSecond":423885200},"thread":"main","level":"ERROR","loggerName":"org.springframework.test.context.TestContextManager","message":"Caught exception while allowing TestExecutionListener [org.springframework.test.context.web.ServletTestExecutionListener@124e5ce1] to prepare test instance [net.apmoller.athena.microservices.ComparatorDashboard.services.ComparatorDashboardServiceTest@459dad43]","thrown":{"commonElementCount":0,"localizedMessage":"Failed to load ApplicationContext","message":"Failed to load ApplicationContext","name":"java.lang.IllegalStateException","cause":{"commonElementCount":67,"localizedMessage":"Failed to bind properties under 'logging.level.net.apmoller.athena.microservices.contractrates' to org.springframework.boot.logging.LogLevel","message":"Failed to bind properties under 'logging.level.net.apmoller.athena.microservices.contractrates' to org.springframework.boot.logging.LogLevel","name":"org.springframework.boot.context.properties.bind.BindException","cause":{"commonElementCount":67,"localizedMessage":"Failed to convert from type [java.lang.String] to type [org.springframework.boot.logging.LogLevel] for value '${logLevel}'; nested exception is java.lang.IllegalArgumentException: No enum constant org.springframework.boot.logging.LogLevel.${logLevel}","message":"Failed to convert from type [java.lang.String] to type [org.springframework.boot.logging.LogLevel] for value '${logLevel}'; nested exception is java.lang.IllegalArgumentException: No enum constant org.springframework.boot.logging.LogLevel.${logLevel}","name":"org.springframework.core.convert.ConversionFailedException","cause":{"commonElementCount":67,"localizedMessage":"No enum constant org.springframework.boot.logging.LogLevel.${logLevel}","message":"No enum constant org.springframework.boot.logging.LogLevel.${logLevel}","name":"java.lang.IllegalArgumentException","extendedStackTrace":[{"class":"org.springframework.boot.convert.LenientObjectToEnumConverterFactory$LenientToEnumConverter","method":"findEnum","file":"LenientObjectToEnumConverterFactory.java","line":93,"exact":false,"location":"spring-boot-2.4.3.jar","version":"2.4.3"},{"class":"org.springframework.boot.convert.LenientObjectToEnumConverterFactory$LenientToEnumConverter","method":"convert","file":"LenientObjectToEnumConverterFactory.java","line":80,"exact":false,"location":"spring-boot-2.4.3.jar","version":"2.4.3"},{"class":"org.springframework.boot.convert.LenientObjectToEnumConverterFactory$LenientToEnumConverter","method":"convert","file":"LenientObjectToEnumConverterFactory.java","line":61,"exact":false,"location":"spring-boot-2.4.3.jar","version":"2.4.3"},{"class":"org.springframework.core.convert.support.GenericConversionService$ConverterFactoryAdapter","method":"convert","file":"GenericConversionService.java","line":437,"exact":false,"location":"spring-core-5.3.4.jar","version":"5.3.4"},{"class":"org.springframework.core.convert.support.ConversionUtils","method":"invokeConverter","file":"ConversionUtils.java","line":41,"exact":false,"location":"spring-core-5.3.4.jar","version":"5.3.4"},{"class":"org.springframework.core.convert.support.GenericConversionService","method":"convert","file":"GenericConversionService.java","line":192,"exact":false,"location":"spring-core-5.3.4.jar","version":"5.3.4"},{"class":"org.springframework.boot.context.properties.bind.BindConverter$CompositeConversionService","method":"convert","file":"BindConverter.java","line":170,"exact":false,"location":"spring-boot-2.4.3.jar","version":"2.4.3"},{"class":"org.springframework.boot.context.properties.bind.BindConverter","method":"convert","file":"BindConverter.java","line":96,"exact":false,"location":"spring-boot-2.4.3.jar","version":"2.4.3"},{"class":"org.springframework.boot.context.properties.bind.BindConverter","method":"convert","file":"BindConverter.java","line":88,"exact":false,"location":"spring-boot-2.4.3.jar","version":"2.4.3"},{"class":"org.springframework.boot.context.properties.bind.Binder","method":"bindProperty","file":"Binder.java","line":434,"exact":false,"location":"spring-boot-2.4.3.jar","version":"2.4.3"},{"class":"org.springframework.boot.context.properties.bind.Binder","method":"bindObject","file":"Binder.java","line":379,"exact":false,"location":"spring-boot-2.4.3.jar","version":"2.4.3"},{"class":"org.springframework.boot.context.properties.bind.Binder","method":"bind","file":"Binder.java","line":319,"exact":false,"location":"spring-boot-2.4.3.jar","version":"2.4.3"},{"class":"org.springframework.boot.context.properties.bind.Binder","method":"lambda$null$1","file":"Binder.java","line":411,"exact":false,"location":"spring-boot-2.4.3.jar","version":"2.4.3"},{"class":"org.springframework.boot.context.properties.bind.Binder$Context","method":"withSource","file":"Binder.java","line":542,"exact":false,"location":"spring-boot-2.4.3.jar","version":"2.4.3"},{"class":"org.springframework.boot.context.properties.bind.Binder$Context","method":"access$800","file":"Binder.java","line":512,"exact":false,"location":"spring-boot-2.4.3.jar","version":"2.4.3"},{"class":"org.springframework.boot.context.properties.bind.Binder","method":"lambda$bindAggregate$2","file":"Binder.java","line":412,"exact":false,"location":"spring-boot-2.4.3.jar","version":"2.4.3"},{"class":"org.springframework.boot.context.properties.bind.AggregateElementBinder","method":"bind","file":"AggregateElementBinder.java","line":39,"exact":false,"location":"spring-boot-2.4.3.jar","version":"2.4.3"},{"class":"org.springframework.boot.context.properties.bind.MapBinder$EntryBinder","method":"lambda$bindEntries$0","file":"MapBinder.java","line":157,"exact":false,"location":"spring-boot-2.4.3.jar","version":"2.4.3"},{"class":"java.util.HashMap","method":"computeIfAbsent","file":"HashMap.java","line":1133,"exact":false,"location":"?","version":"?"},{"class":"org.springframework.boot.context.properties.bind.MapBinder$EntryBinder","method":"bindEntries","file":"MapBinder.java","line":157,"exact":false,"location":"spring-boot-2.4.3.jar","version":"2.4.3"},{"class":"org.springframework.boot.context.properties.bind.MapBinder","method":"bindAggregate","file":"MapBinder.java","line":68,"exact":false,"location":"spring-boot-2.4.3.jar","version":"2.4.3"},{"class":"org.springframework.boot.context.properties.bind.AggregateBinder","method":"bind","file":"AggregateBinder.java","line":56,"exact":false,"location":"spring-boot-2.4.3.jar","version":"2.4.3"},{"class":"org.springframework.boot.context.properties.bind.Binder","method":"lambda$bindAggregate$3","file":"Binder.java","line":414,"exact":false,"location":"spring-boot-2.4.3.jar","version":"2.4.3"},{"class":"org.springframework.boot.context.properties.bind.Binder$Context","method":"withIncreasedDepth","file":"Binder.java","line":571,"exact":false,"location":"spring-boot-2.4.3.jar","version":"2.4.3"},{"class":"org.springframework.boot.context.properties.bind.Binder$Context","method":"access$100","file":"Binder.java","line":512,"exact":false,"location":"spring-boot-2.4.3.jar","version":"2.4.3"},{"class":"org.springframework.boot.context.properties.bind.Binder","method":"bindAggregate","file":"Binder.java","line":414,"exact":false,"location":"spring-boot-2.4.3.jar","version":"2.4.3"},{"class":"org.springframework.boot.context.properties.bind.Binder","method":"bindObject","file":"Binder.java","line":375,"exact":false,"location":"spring-boot-2.4.3.jar","version":"2.4.3"},{"class":"org.springframework.boot.context.properties.bind.Binder","method":"bind","file":"Binder.java","line":319,"exact":false,"location":"spring-boot-2.4.3.jar","version":"2.4.3"},{"class":"org.springframework.boot.context.properties.bind.Binder","method":"bind","file":"Binder.java","line":308,"exact":false,"location":"spring-boot-2.4.3.jar","version":"2.4.3"},{"class":"org.springframework.boot.context.properties.bind.Binder","method":"bind","file":"Binder.java","line":238,"exact":false,"location":"spring-boot-2.4.3.jar","version":"2.4.3"},{"class":"org.springframework.boot.context.properties.bind.Binder","method":"bind","file":"Binder.java","line":212,"exact":false,"location":"spring-boot-2.4.3.jar","version":"2.4.3"},{"class":"org.springframework.boot.context.logging.LoggingApplicationListener","method":"setLogLevels","file":"LoggingApplicationListener.java","line":373,"exact":false,"location":"spring-boot-2.4.3.jar","version":"2.4.3"},{"class":"org.springframework.boot.context.logging.LoggingApplicationListener","method":"initializeFinalLoggingLevels","file":"LoggingApplicationListener.java","line":340,"exact":false,"location":"spring-boot-2.4.3.jar","version":"2.4.3"},{"class":"org.springframework.boot.context.logging.LoggingApplicationListener","method":"initialize","file":"LoggingApplicationListener.java","line":282,"exact":false,"location":"spring-boot-2.4.3.jar","version":"2.4.3"},{"class":"org.springframework.boot.context.logging.LoggingApplicationListener","method":"onApplicationEnvironmentPreparedEvent","file":"LoggingApplicationListener.java","line":239,"exact":false,"location":"spring-boot-2.4.3.jar","version":"2.4.3"},{"class":"org.springframework.boot.context.logging.LoggingApplicationListener","method":"onApplicationEvent","file":"LoggingApplicationListener.java","line":216,"exact":false,"location":"spring-boot-2.4.3.jar","version":"2.4.3"},{"class":"org.springframework.context.event.SimpleApplicationEventMulticaster","method":"doInvokeListener","file":"SimpleApplicationEventMulticaster.java","line":176,"exact":false,"location":"spring-context-5.3.4.jar","version":"5.3.4"},{"class":"org.springframework.context.event.SimpleApplicationEventMulticaster","method":"invokeListener","file":"SimpleApplicationEventMulticaster.java","line":169,"exact":false,"location":"spring-context-5.3.4.jar","version":"5.3.4"},{"class":"org.springframework.context.event.SimpleApplicationEventMulticaster","method":"multicastEvent","file":"SimpleApplicationEventMulticaster.java","line":143,"exact":false,"location":"spring-context-5.3.4.jar","version":"5.3.4"},{"class":"org.springframework.context.event.SimpleApplicationEventMulticaster","method":"multicastEvent","file":"SimpleApplicationEventMulticaster.java","line":131,"exact":false,"location":"spring-context-5.3.4.jar","version":"5.3.4"},{"class":"org.springframework.boot.context.event.EventPublishingRunListener","method":"environmentPrepared","file":"EventPublishingRunListener.java","line":82,"exact":false,"location":"spring-boot-2.4.3.jar","version":"2.4.3"},{"class":"org.springframework.boot.SpringApplicationRunListeners","method":"lambda$environmentPrepared$2","file":"SpringApplicationRunListeners.java","line":63,"exact":false,"location":"spring-boot-2.4.3.jar","version":"2.4.3"},{"class":"java.util.ArrayList","method":"forEach","file":"ArrayList.java","line":1541,"exact":false,"location":"?","version":"?"},{"class":"org.springframework.boot.SpringApplicationRunListeners","method":"doWithListeners","file":"SpringApplicationRunListeners.java","line":117,"exact":false,"location":"spring-boot-2.4.3.jar","version":"2.4.3"},{"class":"org.springframework.boot.SpringApplicationRunListeners","method":"doWithListeners","file":"SpringApplicationRunListeners.java","line":111,"exact":false,"location":"spring-boot-2.4.3.jar","version":"2.4.3"},{"class":"org.springframework.boot.SpringApplicationRunListeners","method":"environmentPrepared","file":"SpringApplicationRunListeners.java","line":62,"exact":false,"location":"spring-boot-2.4.3.jar","version":"2.4.3"},{"class":"org.springframework.boot.SpringApplication","method":"prepareEnvironment","file":"SpringApplication.java","line":362,"exact":false,"location":"spring-boot-2.4.3.jar","version":"2.4.3"},{"class":"org.springframework.boot.SpringApplication","method":"run","file":"SpringApplication.java","line":320,"exact":false,"location":"spring-boot-2.4.3.jar","version":"2.4.3"},{"class":"org.springframework.boot.test.context.SpringBootContextLoader","method":"loadContext","file":"SpringBootContextLoader.java","line":123,"exact":false,"location":"spring-boot-test-2.4.3.jar","version":"2.4.3"},{"class":"org.springframework.test.context.cache.DefaultCacheAwareContextLoaderDelegate","method":"loadContextInternal","file":"DefaultCacheAwareContextLoaderDelegate.java","line":99,"exact":false,"location":"spring-test-5.3.4.jar","version":"5.3.4"},{"class":"org.springframework.test.context.cache.DefaultCacheAwareContextLoaderDelegate","method":"loadContext","file":"DefaultCacheAwareContextLoaderDelegate.java","line":124,"exact":false,"location":"spring-test-5.3.4.jar","version":"5.3.4"}]},"extendedStackTrace":[{"class":"org.springframework.core.convert.support.ConversionUtils","method":"invokeConverter","file":"ConversionUtils.java","line":47,"exact":false,"location":"spring-core-5.3.4.jar","version":"5.3.4"},{"class":"org.springframework.core.convert.support.GenericConversionService","method":"convert","file":"GenericConversionService.java","line":192,"exact":false,"location":"spring-core-5.3.4.jar","version":"5.3.4"},{"class":"org.springframework.boot.context.properties.bind.BindConverter$CompositeConversionService","method":"convert","file":"BindConverter.java","line":170,"exact":false,"location":"spring-boot-2.4.3.jar","version":"2.4.3"},{"class":"org.springframework.boot.context.properties.bind.BindConverter","method":"convert","file":"BindConverter.java","line":96,"exact":false,"location":"spring-boot-2.4.3.jar","version":"2.4.3"},{"class":"org.springframework.boot.context.properties.bind.BindConverter","method":"convert","file":"BindConverter.java","line":88,"exact":false,"location":"spring-boot-2.4.3.jar","version":"2.4.3"},{"class":"org.springframework.boot.context.properties.bind.Binder","method":"bindProperty","file":"Binder.java","line":434,"exact":false,"location":"spring-boot-2.4.3.jar","version":"2.4.3"},{"class":"org.springframework.boot.context.properties.bind.Binder","method":"bindObject","file":"Binder.java","line":379,"exact":false,"location":"spring-boot-2.4.3.jar","version":"2.4.3"},{"class":"org.springframework.boot.context.properties.bind.Binder","method":"bind","file":"Binder.java","line":319,"exact":false,"location":"spring-boot-2.4.3.jar","version":"2.4.3"},{"class":"org.springframework.boot.context.properties.bind.Binder","method":"lambda$null$1","file":"Binder.java","line":411,"exact":false,"location":"spring-boot-2.4.3.jar","version":"2.4.3"},{"class":"org.springframework.boot.context.properties.bind.Binder$Context","method":"withSource","file":"Binder.java","line":542,"exact":false,"location":"spring-boot-2.4.3.jar","version":"2.4.3"},{"class":"org.springframework.boot.context.properties.bind.Binder$Context","method":"access$800","file":"Binder.java","line":512,"exact":false,"location":"spring-boot-2.4.3.jar","version":"2.4.3"},{"class":"org.springframework.boot.context.properties.bind.Binder","method":"lambda$bindAggregate$2","file":"Binder.java","line":412,"exact":false,"location":"spring-boot-2.4.3.jar","version":"2.4.3"},{"class":"org.springframework.boot.context.properties.bind.AggregateElementBinder","method":"bind","file":"AggregateElementBinder.java","line":39,"exact":false,"location":"spring-boot-2.4.3.jar","version":"2.4.3"},{"class":"org.springframework.boot.context.properties.bind.MapBinder$EntryBinder","method":"lambda$bindEntries$0","file":"MapBinder.java","line":157,"exact":false,"location":"spring-boot-2.4.3.jar","version":"2.4.3"},{"class":"java.util.HashMap","method":"computeIfAbsent","file":"HashMap.java","line":1133,"exact":false,"location":"?","version":"?"},{"class":"org.springframework.boot.context.properties.bind.MapBinder$EntryBinder","method":"bindEntries","file":"MapBinder.java","line":157,"exact":false,"location":"spring-boot-2.4.3.jar","version":"2.4.3"},{"class":"org.springframework.boot.context.properties.bind.MapBinder","method":"bindAggregate","file":"MapBinder.java","line":68,"exact":false,"location":"spring-boot-2.4.3.jar","version":"2.4.3"},{"class":"org.springframework.boot.context.properties.bind.AggregateBinder","method":"bind","file":"AggregateBinder.java","line":56,"exact":false,"location":"spring-boot-2.4.3.jar","version":"2.4.3"},{"class":"org.springframework.boot.context.properties.bind.Binder","method":"lambda$bindAggregate$3","file":"Binder.java","line":414,"exact":false,"location":"spring-boot-2.4.3.jar","version":"2.4.3"},{"class":"org.springframework.boot.context.properties.bind.Binder$Context","method":"withIncreasedDepth","file":"Binder.java","line":571,"exact":false,"location":"spring-boot-2.4.3.jar","version":"2.4.3"},{"class":"org.springframework.boot.context.properties.bind.Binder$Context","method":"access$100","file":"Binder.java","line":512,"exact":false,"location":"spring-boot-2.4.3.jar","version":"2.4.3"},{"class":"org.springframework.boot.context.properties.bind.Binder","method":"bindAggregate","file":"Binder.java","line":414,"exact":false,"location":"spring-boot-2.4.3.jar","version":"2.4.3"},{"class":"org.springframework.boot.context.properties.bind.Binder","method":"bindObject","file":"Binder.java","line":375,"exact":false,"location":"spring-boot-2.4.3.jar","version":"2.4.3"},{"class":"org.springframework.boot.context.properties.bind.Binder","method":"bind","file":"Binder.java","line":319,"exact":false,"location":"spring-boot-2.4.3.jar","version":"2.4.3"},{"class":"org.springframework.boot.context.properties.bind.Binder","method":"bind","file":"Binder.java","line":308,"exact":false,"location":"spring-boot-2.4.3.jar","version":"2.4.3"},{"class":"org.springframework.boot.context.properties.bind.Binder","method":"bind","file":"Binder.java","line":238,"exact":false,"location":"spring-boot-2.4.3.jar","version":"2.4.3"},{"class":"org.springframework.boot.context.properties.bind.Binder","method":"bind","file":"Binder.java","line":212,"exact":false,"location":"spring-boot-2.4.3.jar","version":"2.4.3"},{"class":"org.springframework.boot.context.logging.LoggingApplicationListener","method":"setLogLevels","file":"LoggingApplicationListener.java","line":373,"exact":false,"location":"spring-boot-2.4.3.jar","version":"2.4.3"},{"class":"org.springframework.boot.context.logging.LoggingApplicationListener","method":"initializeFinalLoggingLevels","file":"LoggingApplicationListener.java","line":340,"exact":false,"location":"spring-boot-2.4.3.jar","version":"2.4.3"},{"class":"org.springframework.boot.context.logging.LoggingApplicationListener","method":"initialize","file":"LoggingApplicationListener.java","line":282,"exact":false,"location":"spring-boot-2.4.3.jar","version":"2.4.3"},{"class":"org.springframework.boot.context.logging.LoggingApplicationListener","method":"onApplicationEnvironmentPreparedEvent","file":"LoggingApplicationListener.java","line":239,"exact":false,"location":"spring-boot-2.4.3.jar","version":"2.4.3"},{"class":"org.springframework.boot.context.logging.LoggingApplicationListener","method":"onApplicationEvent","file":"LoggingApplicationListener.java","line":216,"exact":false,"location":"spring-boot-2.4.3.jar","version":"2.4.3"},{"class":"org.springframework.context.event.SimpleApplicationEventMulticaster","method":"doInvokeListener","file":"SimpleApplicationEventMulticaster.java","line":176,"exact":false,"location":"spring-context-5.3.4.jar","version":"5.3.4"},{"class":"org.springframework.context.event.SimpleApplicationEventMulticaster","method":"invokeListener","file":"SimpleApplicationEventMulticaster.java","line":169,"exact":false,"location":"spring-context-5.3.4.jar","version":"5.3.4"},{"class":"org.springframework.context.event.SimpleApplicationEventMulticaster","method":"multicastEvent","file":"SimpleApplicationEventMulticaster.java","line":143,"exact":false,"location":"spring-context-5.3.4.jar","version":"5.3.4"},{"class":"org.springframework.context.event.SimpleApplicationEventMulticaster","method":"multicastEvent","file":"SimpleApplicationEventMulticaster.java","line":131,"exact":false,"location":"spring-context-5.3.4.jar","version":"5.3.4"},{"class":"org.springframework.boot.context.event.EventPublishingRunListener","method":"environmentPrepared","file":"EventPublishingRunListener.java","line":82,"exact":false,"location":"spring-boot-2.4.3.jar","version":"2.4.3"},{"class":"org.springframework.boot.SpringApplicationRunListeners","method":"lambda$environmentPrepared$2","file":"SpringApplicationRunListeners.java","line":63,"exact":false,"location":"spring-boot-2.4.3.jar","version":"2.4.3"},{"class":"java.util.ArrayList","method":"forEach","file":"ArrayList.java","line":1541,"exact":false,"location":"?","version":"?"},{"class":"org.springframework.boot.SpringApplicationRunListeners","method":"doWithListeners","file":"SpringApplicationRunListeners.java","line":117,"exact":false,"location":"spring-boot-2.4.3.jar","version":"2.4.3"},{"class":"org.springframework.boot.SpringApplicationRunListeners","method":"doWithListeners","file":"SpringApplicationRunListeners.java","line":111,"exact":false,"location":"spring-boot-2.4.3.jar","version":"2.4.3"},{"class":"org.springframework.boot.SpringApplicationRunListeners","method":"environmentPrepared","file":"SpringApplicationRunListeners.java","line":62,"exact":false,"location":"spring-boot-2.4.3.jar","version":"2.4.3"},{"class":"org.springframework.boot.SpringApplication","method":"prepareEnvironment","file":"SpringApplication.java","line":362,"exact":false,"location":"spring-boot-2.4.3.jar","version":"2.4.3"},{"class":"org.springframework.boot.SpringApplication","method":"run","file":"SpringApplication.java","line":320,"exact":false,"location":"spring-boot-2.4.3.jar","version":"2.4.3"},{"class":"org.springframework.boot.test.context.SpringBootContextLoader","method":"loadContext","file":"SpringBootContextLoader.java","line":123,"exact":false,"location":"spring-boot-test-2.4.3.jar","version":"2.4.3"},{"class":"org.springframework.test.context.cache.DefaultCacheAwareContextLoaderDelegate","method":"loadContextInternal","file":"DefaultCacheAwareContextLoaderDelegate.java","line":99,"exact":false,"location":"spring-test-5.3.4.jar","version":"5.3.4"},{"class":"org.springframework.test.context.cache.DefaultCacheAwareContextLoaderDelegate","method":"loadContext","file":"DefaultCacheAwareContextLoaderDelegate.java","line":124,"exact":false,"location":"spring-test-5.3.4.jar","version":"5.3.4"}]},"extendedStackTrace":[{"class":"org.springframework.boot.context.properties.bind.Binder","method":"handleBindError","file":"Binder.java","line":363,"exact":false,"location":"spring-boot-2.4.3.jar","version":"2.4.3"},{"class":"org.springframework.boot.context.properties.bind.Binder","method":"bind","file":"Binder.java","line":323,"exact":false,"location":"spring-boot-2.4.3.jar","version":"2.4.3"},{"class":"org.springframework.boot.context.properties.bind.Binder","method":"lambda$null$1","file":"Binder.java","line":411,"exact":false,"location":"spring-boot-2.4.3.jar","version":"2.4.3"},{"class":"org.springframework.boot.context.properties.bind.Binder$Context","method":"withSource","file":"Binder.java","line":542,"exact":false,"location":"spring-boot-2.4.3.jar","version":"2.4.3"},{"class":"org.springframework.boot.context.properties.bind.Binder$Context","method":"access$800","file":"Binder.java","line":512,"exact":false,"location":"spring-boot-2.4.3.jar","version":"2.4.3"},{"class":"org.springframework.boot.context.properties.bind.Binder","method":"lambda$bindAggregate$2","file":"Binder.java","line":412,"exact":false,"location":"spring-boot-2.4.3.jar","version":"2.4.3"},{"class":"org.springframework.boot.context.properties.bind.AggregateElementBinder","method":"bind","file":"AggregateElementBinder.java","line":39,"exact":false,"location":"spring-boot-2.4.3.jar","version":"2.4.3"},{"class":"org.springframework.boot.context.properties.bind.MapBinder$EntryBinder","method":"lambda$bindEntries$0","file":"MapBinder.java","line":157,"exact":false,"location":"spring-boot-2.4.3.jar","version":"2.4.3"},{"class":"java.util.HashMap","method":"computeIfAbsent","file":"HashMap.java","line":1133,"exact":false,"location":"?","version":"?"},{"class":"org.springframework.boot.context.properties.bind.MapBinder$EntryBinder","method":"bindEntries","file":"MapBinder.java","line":157,"exact":false,"location":"spring-boot-2.4.3.jar","version":"2.4.3"},{"class":"org.springframework.boot.context.properties.bind.MapBinder","method":"bindAggregate","file":"MapBinder.java","line":68,"exact":false,"location":"spring-boot-2.4.3.jar","version":"2.4.3"},{"class":"org.springframework.boot.context.properties.bind.AggregateBinder","method":"bind","file":"AggregateBinder.java","line":56,"exact":false,"location":"spring-boot-2.4.3.jar","version
[...]
rsion":"2.4.3"},{"class":"org.springframework.boot.context.properties.bind.Binder","method":"bindAggregate","file":"Binder.java","line":414,"exact":false,"location":"spring-boot-2.4.3.jar","version":"2.4.3"},{"class":"org.springframework.boot.context.properties.bind.Binder","method":"bindObject","file":"Binder.java","line":375,"exact":false,"location":"spring-boot-2.4.3.jar","version":"2.4.3"},{"class":"org.springframework.boot.context.properties.bind.Binder","method":"bind","file":"Binder.java","line":319,"exact":false,"location":"spring-boot-2.4.3.jar","version":"2.4.3"},{"class":"org.springframework.boot.context.properties.bind.Binder","method":"bind","file":"Binder.java","line":308,"exact":false,"location":"spring-boot-2.4.3.jar","version":"2.4.3"},{"class":"org.springframework.boot.context.properties.bind.Binder","method":"bind","file":"Binder.java","line":238,"exact":false,"location":"spring-boot-2.4.3.jar","version":"2.4.3"},{"class":"org.springframework.boot.context.properties.bind.Binder","method":"bind","file":"Binder.java","line":212,"exact":false,"location":"spring-boot-2.4.3.jar","version":"2.4.3"},{"class":"org.springframework.boot.context.logging.LoggingApplicationListener","method":"setLogLevels","file":"LoggingApplicationListener.java","line":373,"exact":false,"location":"spring-boot-2.4.3.jar","version":"2.4.3"},{"class":"org.springframework.boot.context.logging.LoggingApplicationListener","method":"initializeFinalLoggingLevels","file":"LoggingApplicationListener.java","line":340,"exact":false,"location":"spring-boot-2.4.3.jar","version":"2.4.3"},{"class":"org.springframework.boot.context.logging.LoggingApplicationListener","method":"initialize","file":"LoggingApplicationListener.java","line":282,"exact":false,"location":"spring-boot-2.4.3.jar","version":"2.4.3"},{"class":"org.springframework.boot.context.logging.LoggingApplicationListener","method":"onApplicationEnvironmentPreparedEvent","file":"LoggingApplicationListener.java","line":239,"exact":false,"location":"spring-boot-2.4.3.jar","version":"2.4.3"},{"class":"org.springframework.boot.context.logging.LoggingApplicationListener","method":"onApplicationEvent","file":"LoggingApplicationListener.java","line":216,"exact":false,"location":"spring-boot-2.4.3.jar","version":"2.4.3"},{"class":"org.springframework.context.event.SimpleApplicationEventMulticaster","method":"doInvokeListener","file":"SimpleApplicationEventMulticaster.java","line":176,"exact":false,"location":"spring-context-5.3.4.jar","version":"5.3.4"},{"class":"org.springframework.context.event.SimpleApplicationEventMulticaster","method":"invokeListener","file":"SimpleApplicationEventMulticaster.java","line":169,"exact":false,"location":"spring-context-5.3.4.jar","version":"5.3.4"},{"class":"org.springframework.context.event.SimpleApplicationEventMulticaster","method":"multicastEvent","file":"SimpleApplicationEventMulticaster.java","line":143,"exact":false,"location":"spring-context-5.3.4.jar","version":"5.3.4"},{"class":"org.springframework.context.event.SimpleApplicationEventMulticaster","method":"multicastEvent","file":"SimpleApplicationEventMulticaster.java","line":131,"exact":false,"location":"spring-context-5.3.4.jar","version":"5.3.4"},{"class":"org.springframework.boot.context.event.EventPublishingRunListener","method":"environmentPrepared","file":"EventPublishingRunListener.java","line":82,"exact":false,"location":"spring-boot-2.4.3.jar","version":"2.4.3"},{"class":"org.springframework.boot.SpringApplicationRunListeners","method":"lambda$environmentPrepared$2","file":"SpringApplicationRunListeners.java","line":63,"exact":false,"location":"spring-boot-2.4.3.jar","version":"2.4.3"},{"class":"java.util.ArrayList","method":"forEach","file":"ArrayList.java","line":1541,"exact":false,"location":"?","version":"?"},{"class":"org.springframework.boot.SpringApplicationRunListeners","method":"doWithListeners","file":"SpringApplicationRunListeners.java","line":117,"exact":false,"location":"spring-boot-2.4.3.jar","version":"2.4.3"},{"class":"org.springframework.boot.SpringApplicationRunListeners","method":"doWithListeners","file":"SpringApplicationRunListeners.java","line":111,"exact":false,"location":"spring-boot-2.4.3.jar","version":"2.4.3"},{"class":"org.springframework.boot.SpringApplicationRunListeners","method":"environmentPrepared","file":"SpringApplicationRunListeners.java","line":62,"exact":false,"location":"spring-boot-2.4.3.jar","version":"2.4.3"},{"class":"org.springframework.boot.SpringApplication","method":"prepareEnvironment","file":"SpringApplication.java","line":362,"exact":false,"location":"spring-boot-2.4.3.jar","version":"2.4.3"},{"class":"org.springframework.boot.SpringApplication","method":"run","file":"SpringApplication.java","line":320,"exact":false,"location":"spring-boot-2.4.3.jar","version":"2.4.3"},{"class":"org.springframework.boot.test.context.SpringBootContextLoader","method":"loadContext","file":"SpringBootContextLoader.java","line":123,"exact":false,"location":"spring-boot-test-2.4.3.jar","version":"2.4.3"},{"class":"org.springframework.test.context.cache.DefaultCacheAwareContextLoaderDelegate","method":"loadContextInternal","file":"DefaultCacheAwareContextLoaderDelegate.java","line":99,"exact":false,"location":"spring-test-5.3.4.jar","version":"5.3.4"},{"class":"org.springframework.test.context.cache.DefaultCacheAwareContextLoaderDelegate","method":"loadContext","file":"DefaultCacheAwareContextLoaderDelegate.java","line":124,"exact":false,"location":"spring-test-5.3.4.jar","version":"5.3.4"}]},"extendedStackTrace":[{"class":"org.springframework.test.context.cache.DefaultCacheAwareContextLoaderDelegate","method":"loadContext","file":"DefaultCacheAwareContextLoaderDelegate.java","line":132,"exact":false,"location":"spring-test-5.3.4.jar","version":"5.3.4"},{"class":"org.springframework.test.context.support.DefaultTestContext","method":"getApplicationContext","file":"DefaultTestContext.java","line":124,"exact":false,"location":"spring-test-5.3.4.jar","version":"5.3.4"},{"class":"org.springframework.test.context.web.ServletTestExecutionListener","method":"setUpRequestContextIfNecessary","file":"ServletTestExecutionListener.java","line":190,"exact":false,"location":"spring-test-5.3.4.jar","version":"5.3.4"},{"class":"org.springframework.test.context.web.ServletTestExecutionListener","method":"prepareTestInstance","file":"ServletTestExecutionListener.java","line":132,"exact":false,"location":"spring-test-5.3.4.jar","version":"5.3.4"},{"class":"org.springframework.test.context.TestContextManager","method":"prepareTestInstance","file":"TestContextManager.java","line":244,"exact":false,"location":"spring-test-5.3.4.jar","version":"5.3.4"},{"class":"org.springframework.test.context.junit.jupiter.SpringExtension","method":"postProcessTestInstance","file":"SpringExtension.java","line":138,"exact":false,"location":"spring-test-5.3.4.jar","version":"5.3.4"},{"class":"org.junit.jupiter.engine.descriptor.ClassBasedTestDescriptor","method":"lambda$invokeTestInstancePostProcessors$6","file":"ClassBasedTestDescriptor.java","line":350,"exact":false,"location":"junit-jupiter-engine-5.7.1.jar","version":"5.7.1"},{"class":"org.junit.jupiter.engine.descriptor.ClassBasedTestDescriptor","method":"executeAndMaskThrowable","file":"ClassBasedTestDescriptor.java","line":355,"exact":false,"location":"junit-jupiter-engine-5.7.1.jar","version":"5.7.1"},{"class":"org.junit.jupiter.engine.descriptor.ClassBasedTestDescriptor","method":"lambda$invokeTestInstancePostProcessors$7","file":"ClassBasedTestDescriptor.java","line":350,"exact":false,"location":"junit-jupiter-engine-5.7.1.jar","version":"5.7.1"},{"class":"java.util.stream.ReferencePipeline$3$1","method":"accept","file":"ReferencePipeline.java","line":195,"exact":false,"location":"?","version":"?"},{"class":"java.util.stream.ReferencePipeline$2$1","method":"accept","file":"ReferencePipeline.java","line":177,"exact":false,"location":"?","version":"?"},{"class":"java.util.ArrayList$ArrayListSpliterator","method":"forEachRemaining","file":"ArrayList.java","line":1655,"exact":false,"location":"?","version":"?"},{"class":"java.util.stream.AbstractPipeline","method":"copyInto","file":"AbstractPipeline.java","line":484,"exact":false,"location":"?","version":"?"},{"class":"java.util.stream.AbstractPipeline","method":"wrapAndCopyInto","file":"AbstractPipeline.java","line":474,"exact":false,"location":"?","version":"?"},{"class":"java.util.stream.StreamSpliterators$WrappingSpliterator","method":"forEachRemaining","file":"StreamSpliterators.java","line":312,"exact":false,"location":"?","version":"?"},{"class":"java.util.stream.Streams$ConcatSpliterator","method":"forEachRemaining","file":"Streams.java","line":735,"exact":false,"location":"?","version":"?"},{"class":"java.util.stream.Streams$ConcatSpliterator","method":"forEachRemaining","file":"Streams.java","line":734,"exact":false,"location":"?","version":"?"},{"class":"java.util.stream.ReferencePipeline$Head","method":"forEach","file":"ReferencePipeline.java","line":658,"exact":false,"location":"?","version":"?"},{"class":"org.junit.jupiter.engine.descriptor.ClassBasedTestDescriptor","method":"invokeTestInstancePostProcessors","file":"ClassBasedTestDescriptor.java","line":349,"exact":false,"location":"junit-jupiter-engine-5.7.1.jar","version":"5.7.1"},{"class":"org.junit.jupiter.engine.descriptor.ClassBasedTestDescriptor","method":"lambda$instantiateAndPostProcessTestInstance$4","file":"ClassBasedTestDescriptor.java","line":270,"exact":false,"location":"junit-jupiter-engine-5.7.1.jar","version":"5.7.1"},{"class":"org.junit.platform.engine.support.hierarchical.ThrowableCollector","method":"execute","file":"ThrowableCollector.java","line":73,"exact":false,"location":"junit-platform-engine-1.7.1.jar","version":"1.7.1"},{"class":"org.junit.jupiter.engine.descriptor.ClassBasedTestDescriptor","method":"instantiateAndPostProcessTestInstance","file":"ClassBasedTestDescriptor.java","line":269,"exact":false,"location":"junit-jupiter-engine-5.7.1.jar","version":"5.7.1"},{"class":"org.junit.jupiter.engine.descriptor.ClassBasedTestDescriptor","method":"lambda$testInstancesProvider$2","file":"ClassBasedTestDescriptor.java","line":259,"exact":false,"location":"junit-jupiter-engine-5.7.1.jar","version":"5.7.1"},{"class":"java.util.Optional","method":"orElseGet","file":"Optional.java","line":369,"exact":false,"location":"?","version":"?"},{"class":"org.junit.jupiter.engine.descriptor.ClassBasedTestDescriptor","method":"lambda$testInstancesProvider$3","file":"ClassBasedTestDescriptor.java","line":258,"exact":false,"location":"junit-jupiter-engine-5.7.1.jar","version":"5.7.1"},{"class":"org.junit.jupiter.engine.execution.TestInstancesProvider","method":"getTestInstances","file":"TestInstancesProvider.java","line":31,"exact":false,"location":"junit-jupiter-engine-5.7.1.jar","version":"5.7.1"},{"class":"org.junit.jupiter.engine.descriptor.TestMethodTestDescriptor","method":"lambda$prepare$0","file":"TestMethodTestDescriptor.java","line":101,"exact":false,"location":"junit-jupiter-engine-5.7.1.jar","version":"5.7.1"},{"class":"org.junit.platform.engine.support.hierarchical.ThrowableCollector","method":"execute","file":"ThrowableCollector.java","line":73,"exact":false,"location":"junit-platform-engine-1.7.1.jar","version":"1.7.1"},{"class":"org.junit.jupiter.engine.descriptor.TestMethodTestDescriptor","method":"prepare","file":"TestMethodTestDescriptor.java","line":100,"exact":false,"location":"junit-jupiter-engine-5.7.1.jar","version":"5.7.1"},{"class":"org.junit.jupiter.engine.descriptor.TestMethodTestDescriptor","method":"prepare","file":"TestMethodTestDescriptor.java","line":65,"exact":false,"location":"junit-jupiter-engine-5.7.1.jar","version":"5.7.1"},{"class":"org.junit.platform.engine.support.hierarchical.NodeTestTask","method":"lambda$prepare$1","file":"NodeTestTask.java","line":111,"exact":false,"location":"junit-platform-engine-1.7.1.jar","version":"1.7.1"},{"class":"org.junit.platform.engine.support.hierarchical.ThrowableCollector","method":"execute","file":"ThrowableCollector.java","line":73,"exact":false,"location":"junit-platform-engine-1.7.1.jar","version":"1.7.1"},{"class":"org.junit.platform.engine.support.hierarchical.NodeTestTask","method":"prepare","file":"NodeTestTask.java","line":111,"exact":false,"location":"junit-platform-engine-1.7.1.jar","version":"1.7.1"},{"class":"org.junit.platform.engine.support.hierarchical.NodeTestTask","method":"execute","file":"NodeTestTask.java","line":79,"exact":false,"location":"junit-platform-engine-1.7.1.jar","version":"1.7.1"},{"class":"java.util.ArrayList","method":"forEach","file":"ArrayList.java","line":1541,"exact":false,"location":"?","version":"?"},{"class":"org.junit.platform.engine.support.hierarchical.SameThreadHierarchicalTestExecutorService","method":"invokeAll","file":"SameThreadHierarchicalTestExecutorService.java","line":38,"exact":false,"location":"junit-platform-engine-1.7.1.jar","version":"1.7.1"},{"class":"org.junit.platform.engine.support.hierarchical.NodeTestTask","method":"lambda$executeRecursively$5","file":"NodeTestTask.java","line":143,"exact":false,"location":"junit-platform-engine-1.7.1.jar","version":"1.7.1"},{"class":"org.junit.platform.engine.support.hierarchical.ThrowableCollector","method":"execute","file":"ThrowableCollector.java","line":73,"exact":false,"location":"junit-platform-engine-1.7.1.jar","version":"1.7.1"},{"class":"org.junit.platform.engine.support.hierarchical.NodeTestTask","method":"lambda$executeRecursively$7","file":"NodeTestTask.java","line":129,"exact":false,"location":"junit-platform-engine-1.7.1.jar","version":"1.7.1"},{"class":"org.junit.platform.engine.support.hierarchical.Node","method":"around","file":"Node.java","line":137,"exact":false,"location":"junit-platform-engine-1.7.1.jar","version":"1.7.1"},{"class":"org.junit.platform.engine.support.hierarchical.NodeTestTask","method":"lambda$executeRecursively$8","file":"NodeTestTask.java","line":127,"exact":false,"location":"junit-platform-engine-1.7.1.jar","version":"1.7.1"},{"class":"org.junit.platform.engine.support.hierarchical.ThrowableCollector","method":"execute","file":"ThrowableCollector.java","line":73,"exact":false,"location":"junit-platform-engine-1.7.1.jar","version":"1.7.1"},{"class":"org.junit.platform.engine.support.hierarchical.NodeTestTask","method":"executeRecursively","file":"NodeTestTask.java","line":126,"exact":false,"location":"junit-platform-engine-1.7.1.jar","version":"1.7.1"},{"class":"org.junit.platform.engine.support.hierarchical.NodeTestTask","method":"execute","file":"NodeTestTask.java","line":84,"exact":false,"location":"junit-platform-engine-1.7.1.jar","version":"1.7.1"},{"class":"java.util.ArrayList","method":"forEach","file":"ArrayList.java","line":1541,"exact":false,"location":"?","version":"?"},{"class":"org.junit.platform.engine.support.hierarchical.SameThreadHierarchicalTestExecutorService","method":"invokeAll","file":"SameThreadHierarchicalTestExecutorService.java","line":38,"exact":false,"location":"junit-platform-engine-1.7.1.jar","version":"1.7.1"},{"class":"org.junit.platform.engine.support.hierarchical.NodeTestTask","method":"lambda$executeRecursively$5","file":"NodeTestTask.java","line":143,"exact":false,"location":"junit-platform-engine-1.7.1.jar","version":"1.7.1"},{"class":"org.junit.platform.engine.support.hierarchical.ThrowableCollector","method":"execute","file":"ThrowableCollector.java","line":73,"exact":false,"location":"junit-platform-engine-1.7.1.jar","version":"1.7.1"},{"class":"org.junit.platform.engine.support.hierarchical.NodeTestTask","method":"lambda$executeRecursively$7","file":"NodeTestTask.java","line":129,"exact":false,"location":"junit-platform-engine-1.7.1.jar","version":"1.7.1"},{"class":"org.junit.platform.engine.support.hierarchical.Node","method":"around","file":"Node.java","line":137,"exact":false,"location":"junit-platform-engine-1.7.1.jar","version":"1.7.1"},{"class":"org.junit.platform.engine.support.hierarchical.NodeTestTask","method":"lambda$executeRecursively$8","file":"NodeTestTask.java","line":127,"exact":false,"location":"junit-platform-engine-1.7.1.jar","version":"1.7.1"},{"class":"org.junit.platform.engine.support.hierarchical.ThrowableCollector","method":"execute","file":"ThrowableCollector.java","line":73,"exact":false,"location":"junit-platform-engine-1.7.1.jar","version":"1.7.1"},{"class":"org.junit.platform.engine.support.hierarchical.NodeTestTask","method":"executeRecursively","file":"NodeTestTask.java","line":126,"exact":false,"location":"junit-platform-engine-1.7.1.jar","version":"1.7.1"},{"class":"org.junit.platform.engine.support.hierarchical.NodeTestTask","method":"execute","file":"NodeTestTask.java","line":84,"exact":false,"location":"junit-platform-engine-1.7.1.jar","version":"1.7.1"},{"class":"org.junit.platform.engine.support.hierarchical.SameThreadHierarchicalTestExecutorService","method":"submit","file":"SameThreadHierarchicalTestExecutorService.java","line":32,"exact":false,"location":"junit-platform-engine-1.7.1.jar","version":"1.7.1"},{"class":"org.junit.platform.engine.support.hierarchical.HierarchicalTestExecutor","method":"execute","file":"HierarchicalTestExecutor.java","line":57,"exact":false,"location":"junit-platform-engine-1.7.1.jar","version":"1.7.1"},{"class":"org.junit.platform.engine.support.hierarchical.HierarchicalTestEngine","method":"execute","file":"HierarchicalTestEngine.java","line":51,"exact":false,"location":"junit-platform-engine-1.7.1.jar","version":"1.7.1"},{"class":"org.junit.platform.launcher.core.DefaultLauncher","method":"execute","file":"DefaultLauncher.java","line":220,"exact":false,"location":"junit-platform-launcher-1.3.1.jar","version":"1.3.1"},{"class":"org.junit.platform.launcher.core.DefaultLauncher","method":"lambda$execute$6","file":"DefaultLauncher.java","line":188,"exact":false,"location":"junit-platform-launcher-1.3.1.jar","version":"1.3.1"},{"class":"org.junit.platform.launcher.core.DefaultLauncher","method":"withInterceptedStreams","file":"DefaultLauncher.java","line":202,"exact":true,"location":"junit-platform-launcher-1.3.1.jar","version":"1.3.1"},{"class":"org.junit.platform.launcher.core.DefaultLauncher","method":"execute","file":"DefaultLauncher.java","line":181,"exact":true,"location":"junit-platform-launcher-1.3.1.jar","version":"1.3.1"},{"class":"org.junit.platform.launcher.core.DefaultLauncher","method":"execute","file":"DefaultLauncher.java","line":128,"exact":true,"location":"junit-platform-launcher-1.3.1.jar","version":"1.3.1"},{"class":"org.apache.maven.surefire.junitplatform.JUnitPlatformProvider","method":"invokeAllTests","file":"JUnitPlatformProvider.java","line":150,"exact":true,"location":"surefire-junit-platform-2.22.2.jar","version":"2.22.2"},{"class":"org.apache.maven.surefire.junitplatform.JUnitPlatformProvider","method":"invoke","file":"JUnitPlatformProvider.java","line":124,"exact":true,"location":"surefire-junit-platform-2.22.2.jar","version":"2.22.2"},{"class":"org.apache.maven.surefire.booter.ForkedBooter","method":"invokeProviderInSameClassLoader","file":"ForkedBooter.java","line":384,"exact":true,"location":"surefire-booter-2.22.2.jar","version":"2.22.2"},{"class":"org.apache.maven.surefire.booter.ForkedBooter","method":"runSuitesInProcess","file":"ForkedBooter.java","line":345,"exact":true,"location":"surefire-booter-2.22.2.jar","version":"2.22.2"},{"class":"org.apache.maven.surefire.booter.ForkedBooter","method":"execute","file":"ForkedBooter.java","line":126,"exact":true,"location":"surefire-booter-2.22.2.jar","version":"2.22.2"},{"class":"org.apache.maven.surefire.booter.ForkedBooter","method":"main","file":"ForkedBooter.java","line":418,"exact":true,"location":"surefire-booter-2.22.2.jar","version":"2.22.2"}]},"endOfBatch":false,"loggerFqcn":"org.apache.commons.logging.LogAdapter$Log4jLog","contextMap":{},"threadId":1,"threadPriority":5}
]]></system-out>
  </testcase>
</testsuite>